2019-08-01  13:06:03.274 [restartedMain] INFO  org.springframework.boot.devtools.env.DevToolsPropertyDefaultsPostProcessor - Devtools property defaults active! Set 'spring.devtools.add-properties' to 'false' to disable
2019-08-01  13:06:03.274 [restartedMain] INFO  org.springframework.boot.devtools.env.DevToolsPropertyDefaultsPostProcessor - For additional web related logging consider setting the 'logging.level.web' property to 'DEBUG'
2019-08-01  13:06:07.460 [restartedMain] INFO  o.s.context.support.PostProcessorRegistrationDelegate$BeanPostProcessorChecker - Bean 'shiro' of type [com.jinglun.guard.shiro.Shiro$$EnhancerBySpringCGLIB$$beb0c05d] is not eligible for getting processed by all BeanPostProcessors (for example: not eligible for auto-proxying)
2019-08-01  13:06:07.990 [restartedMain] INFO  o.s.context.support.PostProcessorRegistrationDelegate$BeanPostProcessorChecker - Bean 'userServiceImpl' of type [com.jinglun.guard.user.service.impl.UserServiceImpl] is not eligible for getting processed by all BeanPostProcessors (for example: not eligible for auto-proxying)
2019-08-01  13:06:07.990 [restartedMain] INFO  o.s.context.support.PostProcessorRegistrationDelegate$BeanPostProcessorChecker - Bean 'Realm' of type [com.jinglun.guard.shiro.Realm] is not eligible for getting processed by all BeanPostProcessors (for example: not eligible for auto-proxying)
2019-08-01  13:06:07.993 [restartedMain] INFO  o.s.context.support.PostProcessorRegistrationDelegate$BeanPostProcessorChecker - Bean 'securityManager' of type [org.apache.shiro.web.mgt.DefaultWebSecurityManager] is not eligible for getting processed by all BeanPostProcessors (for example: not eligible for auto-proxying)
2019-08-01  13:06:08.115 [restartedMain] INFO  o.s.context.support.PostProcessorRegistrationDelegate$BeanPostProcessorChecker - Bean 'authorizationAttributeSourceAdvisor' of type [org.apache.shiro.spring.security.interceptor.AuthorizationAttributeSourceAdvisor] is not eligible for getting processed by all BeanPostProcessors (for example: not eligible for auto-proxying)
2019-08-01  13:06:08.170 [restartedMain] INFO  o.s.context.support.PostProcessorRegistrationDelegate$BeanPostProcessorChecker - Bean 'org.springframework.transaction.annotation.ProxyTransactionManagementConfiguration' of type [org.springframework.transaction.annotation.ProxyTransactionManagementConfiguration$$EnhancerBySpringCGLIB$$1b89009b] is not eligible for getting processed by all BeanPostProcessors (for example: not eligible for auto-proxying)
2019-08-01  13:06:09.667 [restartedMain] INFO  org.springframework.boot.web.embedded.tomcat.TomcatWebServer - Tomcat initialized with port(s): 8443 (https) 8080 (http)
2019-08-01  13:06:10.361 [restartedMain] INFO  org.springframework.web.context.ContextLoader - Root WebApplicationContext: initialization completed in 7087 ms
2019-08-01  13:06:11.748 [restartedMain] INFO  org.springframework.scheduling.concurrent.ThreadPoolTaskExecutor - Initializing ExecutorService 'applicationTaskExecutor'
2019-08-01  13:06:13.980 [restartedMain] INFO  org.springframework.boot.devtools.autoconfigure.OptionalLiveReloadServer - LiveReload server is running on port 35729
2019-08-01  13:06:14.601 [restartedMain] INFO  org.springframework.boot.web.embedded.tomcat.TomcatWebServer - Tomcat started on port(s): 8443 (https) 8080 (http) with context path ''
2019-08-01  13:06:16.780 [https-jsse-nio-8443-exec-3] INFO  org.springframework.web.servlet.DispatcherServlet - Initializing Servlet 'dispatcherServlet'
2019-08-01  13:06:16.818 [https-jsse-nio-8443-exec-3] INFO  org.springframework.web.servlet.DispatcherServlet - Completed initialization in 38 ms
2019-08-01  13:10:41.571 [Thread-7] INFO  org.springframework.scheduling.concurrent.ThreadPoolTaskExecutor - Shutting down ExecutorService 'applicationTaskExecutor'
2019-08-01  13:10:43.019 [restartedMain] INFO  o.s.context.support.PostProcessorRegistrationDelegate$BeanPostProcessorChecker - Bean 'shiro' of type [com.jinglun.guard.shiro.Shiro$$EnhancerBySpringCGLIB$$beb0c05d] is not eligible for getting processed by all BeanPostProcessors (for example: not eligible for auto-proxying)
2019-08-01  13:10:43.044 [restartedMain] INFO  o.s.context.support.PostProcessorRegistrationDelegate$BeanPostProcessorChecker - Bean 'userServiceImpl' of type [com.jinglun.guard.user.service.impl.UserServiceImpl] is not eligible for getting processed by all BeanPostProcessors (for example: not eligible for auto-proxying)
2019-08-01  13:10:43.044 [restartedMain] INFO  o.s.context.support.PostProcessorRegistrationDelegate$BeanPostProcessorChecker - Bean 'Realm' of type [com.jinglun.guard.shiro.Realm] is not eligible for getting processed by all BeanPostProcessors (for example: not eligible for auto-proxying)
2019-08-01  13:10:43.046 [restartedMain] INFO  o.s.context.support.PostProcessorRegistrationDelegate$BeanPostProcessorChecker - Bean 'securityManager' of type [org.apache.shiro.web.mgt.DefaultWebSecurityManager] is not eligible for getting processed by all BeanPostProcessors (for example: not eligible for auto-proxying)
2019-08-01  13:10:43.062 [restartedMain] INFO  o.s.context.support.PostProcessorRegistrationDelegate$BeanPostProcessorChecker - Bean 'authorizationAttributeSourceAdvisor' of type [org.apache.shiro.spring.security.interceptor.AuthorizationAttributeSourceAdvisor] is not eligible for getting processed by all BeanPostProcessors (for example: not eligible for auto-proxying)
2019-08-01  13:10:43.078 [restartedMain] INFO  o.s.context.support.PostProcessorRegistrationDelegate$BeanPostProcessorChecker - Bean 'org.springframework.transaction.annotation.ProxyTransactionManagementConfiguration' of type [org.springframework.transaction.annotation.ProxyTransactionManagementConfiguration$$EnhancerBySpringCGLIB$$1b89009b] is not eligible for getting processed by all BeanPostProcessors (for example: not eligible for auto-proxying)
2019-08-01  13:10:43.314 [restartedMain] INFO  org.springframework.boot.web.embedded.tomcat.TomcatWebServer - Tomcat initialized with port(s): 8443 (https) 8080 (http)
2019-08-01  13:10:43.346 [restartedMain] INFO  org.springframework.web.context.ContextLoader - Root WebApplicationContext: initialization completed in 1317 ms
2019-08-01  13:10:43.928 [restartedMain] INFO  org.springframework.scheduling.concurrent.ThreadPoolTaskExecutor - Initializing ExecutorService 'applicationTaskExecutor'
2019-08-01  13:10:44.579 [restartedMain] INFO  org.springframework.boot.devtools.autoconfigure.OptionalLiveReloadServer - LiveReload server is running on port 35729
2019-08-01  13:10:44.911 [restartedMain] INFO  org.springframework.boot.web.embedded.tomcat.TomcatWebServer - Tomcat started on port(s): 8443 (https) 8080 (http) with context path ''
2019-08-01  13:10:44.915 [restartedMain] INFO  o.s.boot.devtools.autoconfigure.ConditionEvaluationDeltaLoggingListener - Condition evaluation unchanged
