2019-09-24  08:43:38.099 [restartedMain] INFO  org.springframework.boot.devtools.env.DevToolsPropertyDefaultsPostProcessor - Devtools property defaults active! Set 'spring.devtools.add-properties' to 'false' to disable
2019-09-24  08:43:38.099 [restartedMain] INFO  org.springframework.boot.devtools.env.DevToolsPropertyDefaultsPostProcessor - For additional web related logging consider setting the 'logging.level.web' property to 'DEBUG'
2019-09-24  08:43:43.310 [restartedMain] INFO  o.s.context.support.PostProcessorRegistrationDelegate$BeanPostProcessorChecker - Bean 'shiro' of type [com.jinglun.guard.shiro.Shiro$$EnhancerBySpringCGLIB$$bfdb9f66] is not eligible for getting processed by all BeanPostProcessors (for example: not eligible for auto-proxying)
2019-09-24  08:43:43.797 [restartedMain] INFO  o.s.context.support.PostProcessorRegistrationDelegate$BeanPostProcessorChecker - Bean 'userServiceImpl' of type [com.jinglun.guard.user.service.impl.UserServiceImpl] is not eligible for getting processed by all BeanPostProcessors (for example: not eligible for auto-proxying)
2019-09-24  08:43:43.798 [restartedMain] INFO  o.s.context.support.PostProcessorRegistrationDelegate$BeanPostProcessorChecker - Bean 'Realm' of type [com.jinglun.guard.shiro.Realm] is not eligible for getting processed by all BeanPostProcessors (for example: not eligible for auto-proxying)
2019-09-24  08:43:43.800 [restartedMain] INFO  o.s.context.support.PostProcessorRegistrationDelegate$BeanPostProcessorChecker - Bean 'securityManager' of type [org.apache.shiro.web.mgt.DefaultWebSecurityManager] is not eligible for getting processed by all BeanPostProcessors (for example: not eligible for auto-proxying)
2019-09-24  08:43:43.936 [restartedMain] INFO  o.s.context.support.PostProcessorRegistrationDelegate$BeanPostProcessorChecker - Bean 'authorizationAttributeSourceAdvisor' of type [org.apache.shiro.spring.security.interceptor.AuthorizationAttributeSourceAdvisor] is not eligible for getting processed by all BeanPostProcessors (for example: not eligible for auto-proxying)
2019-09-24  08:43:45.364 [restartedMain] INFO  org.springframework.boot.web.embedded.tomcat.TomcatWebServer - Tomcat initialized with port(s): 8443 (https) 8080 (http)
2019-09-24  08:43:45.933 [restartedMain] INFO  org.springframework.web.context.ContextLoader - Root WebApplicationContext: initialization completed in 7834 ms
2019-09-24  08:43:48.386 [restartedMain] INFO  org.springframework.scheduling.concurrent.ThreadPoolTaskExecutor - Initializing ExecutorService 'applicationTaskExecutor'
2019-09-24  08:43:49.786 [restartedMain] INFO  org.springframework.boot.devtools.autoconfigure.OptionalLiveReloadServer - LiveReload server is running on port 35729
2019-09-24  08:43:50.368 [restartedMain] INFO  org.springframework.boot.web.embedded.tomcat.TomcatWebServer - Tomcat started on port(s): 8443 (https) 8080 (http) with context path ''
2019-09-24  08:44:14.565 [https-jsse-nio-8443-exec-4] INFO  org.springframework.web.servlet.DispatcherServlet - Initializing Servlet 'dispatcherServlet'
2019-09-24  08:44:14.592 [https-jsse-nio-8443-exec-4] INFO  org.springframework.web.servlet.DispatcherServlet - Completed initialization in 27 ms
2019-09-24  08:50:03.530 [Thread-7] INFO  org.springframework.scheduling.concurrent.ThreadPoolTaskExecutor - Shutting down ExecutorService 'applicationTaskExecutor'
2019-09-24  08:50:05.484 [restartedMain] INFO  o.s.context.support.PostProcessorRegistrationDelegate$BeanPostProcessorChecker - Bean 'shiro' of type [com.jinglun.guard.shiro.Shiro$$EnhancerBySpringCGLIB$$bfdb9f66] is not eligible for getting processed by all BeanPostProcessors (for example: not eligible for auto-proxying)
2019-09-24  08:50:05.511 [restartedMain] INFO  o.s.context.support.PostProcessorRegistrationDelegate$BeanPostProcessorChecker - Bean 'userServiceImpl' of type [com.jinglun.guard.user.service.impl.UserServiceImpl] is not eligible for getting processed by all BeanPostProcessors (for example: not eligible for auto-proxying)
2019-09-24  08:50:05.511 [restartedMain] INFO  o.s.context.support.PostProcessorRegistrationDelegate$BeanPostProcessorChecker - Bean 'Realm' of type [com.jinglun.guard.shiro.Realm] is not eligible for getting processed by all BeanPostProcessors (for example: not eligible for auto-proxying)
2019-09-24  08:50:05.515 [restartedMain] INFO  o.s.context.support.PostProcessorRegistrationDelegate$BeanPostProcessorChecker - Bean 'securityManager' of type [org.apache.shiro.web.mgt.DefaultWebSecurityManager] is not eligible for getting processed by all BeanPostProcessors (for example: not eligible for auto-proxying)
2019-09-24  08:50:05.544 [restartedMain] INFO  o.s.context.support.PostProcessorRegistrationDelegate$BeanPostProcessorChecker - Bean 'authorizationAttributeSourceAdvisor' of type [org.apache.shiro.spring.security.interceptor.AuthorizationAttributeSourceAdvisor] is not eligible for getting processed by all BeanPostProcessors (for example: not eligible for auto-proxying)
2019-09-24  08:50:05.859 [restartedMain] INFO  org.springframework.boot.web.embedded.tomcat.TomcatWebServer - Tomcat initialized with port(s): 8443 (https) 8080 (http)
2019-09-24  08:50:05.883 [restartedMain] INFO  org.springframework.web.context.ContextLoader - Root WebApplicationContext: initialization completed in 1694 ms
2019-09-24  08:50:06.376 [restartedMain] INFO  org.springframework.scheduling.concurrent.ThreadPoolTaskExecutor - Initializing ExecutorService 'applicationTaskExecutor'
2019-09-24  08:50:06.925 [restartedMain] INFO  org.springframework.boot.devtools.autoconfigure.OptionalLiveReloadServer - LiveReload server is running on port 35729
2019-09-24  08:50:07.308 [restartedMain] INFO  org.springframework.boot.web.embedded.tomcat.TomcatWebServer - Tomcat started on port(s): 8443 (https) 8080 (http) with context path ''
2019-09-24  08:50:07.311 [restartedMain] INFO  o.s.boot.devtools.autoconfigure.ConditionEvaluationDeltaLoggingListener - Condition evaluation unchanged
2019-09-24  08:50:44.867 [https-jsse-nio-8443-exec-8] INFO  org.springframework.web.servlet.DispatcherServlet - Initializing Servlet 'dispatcherServlet'
2019-09-24  08:50:44.889 [https-jsse-nio-8443-exec-8] INFO  org.springframework.web.servlet.DispatcherServlet - Completed initialization in 22 ms
2019-09-24  09:32:15.649 [Thread-12] INFO  org.springframework.scheduling.concurrent.ThreadPoolTaskExecutor - Shutting down ExecutorService 'applicationTaskExecutor'
2019-09-24  09:32:17.898 [restartedMain] INFO  o.s.context.support.PostProcessorRegistrationDelegate$BeanPostProcessorChecker - Bean 'shiro' of type [com.jinglun.guard.shiro.Shiro$$EnhancerBySpringCGLIB$$bfdb9f66] is not eligible for getting processed by all BeanPostProcessors (for example: not eligible for auto-proxying)
2019-09-24  09:32:17.929 [restartedMain] INFO  o.s.context.support.PostProcessorRegistrationDelegate$BeanPostProcessorChecker - Bean 'userServiceImpl' of type [com.jinglun.guard.user.service.impl.UserServiceImpl] is not eligible for getting processed by all BeanPostProcessors (for example: not eligible for auto-proxying)
2019-09-24  09:32:17.929 [restartedMain] INFO  o.s.context.support.PostProcessorRegistrationDelegate$BeanPostProcessorChecker - Bean 'Realm' of type [com.jinglun.guard.shiro.Realm] is not eligible for getting processed by all BeanPostProcessors (for example: not eligible for auto-proxying)
2019-09-24  09:32:17.929 [restartedMain] INFO  o.s.context.support.PostProcessorRegistrationDelegate$BeanPostProcessorChecker - Bean 'securityManager' of type [org.apache.shiro.web.mgt.DefaultWebSecurityManager] is not eligible for getting processed by all BeanPostProcessors (for example: not eligible for auto-proxying)
2019-09-24  09:32:17.945 [restartedMain] INFO  o.s.context.support.PostProcessorRegistrationDelegate$BeanPostProcessorChecker - Bean 'authorizationAttributeSourceAdvisor' of type [org.apache.shiro.spring.security.interceptor.AuthorizationAttributeSourceAdvisor] is not eligible for getting processed by all BeanPostProcessors (for example: not eligible for auto-proxying)
2019-09-24  09:32:18.211 [restartedMain] INFO  org.springframework.boot.web.embedded.tomcat.TomcatWebServer - Tomcat initialized with port(s): 8443 (https) 8080 (http)
2019-09-24  09:32:18.242 [restartedMain] INFO  org.springframework.web.context.ContextLoader - Root WebApplicationContext: initialization completed in 2124 ms
2019-09-24  09:32:18.944 [restartedMain] INFO  org.springframework.scheduling.concurrent.ThreadPoolTaskExecutor - Initializing ExecutorService 'applicationTaskExecutor'
2019-09-24  09:32:19.599 [restartedMain] INFO  org.springframework.boot.devtools.autoconfigure.OptionalLiveReloadServer - LiveReload server is running on port 35729
2019-09-24  09:32:20.006 [restartedMain] INFO  org.springframework.boot.web.embedded.tomcat.TomcatWebServer - Tomcat started on port(s): 8443 (https) 8080 (http) with context path ''
2019-09-24  09:32:20.006 [restartedMain] INFO  o.s.boot.devtools.autoconfigure.ConditionEvaluationDeltaLoggingListener - Condition evaluation unchanged
2019-09-24  09:34:02.841 [Thread-19] INFO  org.springframework.scheduling.concurrent.ThreadPoolTaskExecutor - Shutting down ExecutorService 'applicationTaskExecutor'
2019-09-24  09:34:03.951 [restartedMain] INFO  o.s.context.support.PostProcessorRegistrationDelegate$BeanPostProcessorChecker - Bean 'shiro' of type [com.jinglun.guard.shiro.Shiro$$EnhancerBySpringCGLIB$$bfdb9f66] is not eligible for getting processed by all BeanPostProcessors (for example: not eligible for auto-proxying)
2019-09-24  09:34:03.966 [restartedMain] INFO  o.s.context.support.PostProcessorRegistrationDelegate$BeanPostProcessorChecker - Bean 'userServiceImpl' of type [com.jinglun.guard.user.service.impl.UserServiceImpl] is not eligible for getting processed by all BeanPostProcessors (for example: not eligible for auto-proxying)
2019-09-24  09:34:03.966 [restartedMain] INFO  o.s.context.support.PostProcessorRegistrationDelegate$BeanPostProcessorChecker - Bean 'Realm' of type [com.jinglun.guard.shiro.Realm] is not eligible for getting processed by all BeanPostProcessors (for example: not eligible for auto-proxying)
2019-09-24  09:34:03.982 [restartedMain] INFO  o.s.context.support.PostProcessorRegistrationDelegate$BeanPostProcessorChecker - Bean 'securityManager' of type [org.apache.shiro.web.mgt.DefaultWebSecurityManager] is not eligible for getting processed by all BeanPostProcessors (for example: not eligible for auto-proxying)
2019-09-24  09:34:03.998 [restartedMain] INFO  o.s.context.support.PostProcessorRegistrationDelegate$BeanPostProcessorChecker - Bean 'authorizationAttributeSourceAdvisor' of type [org.apache.shiro.spring.security.interceptor.AuthorizationAttributeSourceAdvisor] is not eligible for getting processed by all BeanPostProcessors (for example: not eligible for auto-proxying)
2019-09-24  09:34:04.200 [restartedMain] INFO  org.springframework.boot.web.embedded.tomcat.TomcatWebServer - Tomcat initialized with port(s): 8443 (https) 8080 (http)
2019-09-24  09:34:04.232 [restartedMain] INFO  org.springframework.web.context.ContextLoader - Root WebApplicationContext: initialization completed in 937 ms
2019-09-24  09:34:04.732 [restartedMain] INFO  org.springframework.scheduling.concurrent.ThreadPoolTaskExecutor - Initializing ExecutorService 'applicationTaskExecutor'
2019-09-24  09:34:05.309 [restartedMain] INFO  org.springframework.boot.devtools.autoconfigure.OptionalLiveReloadServer - LiveReload server is running on port 35729
2019-09-24  09:34:05.621 [restartedMain] INFO  org.springframework.boot.web.embedded.tomcat.TomcatWebServer - Tomcat started on port(s): 8443 (https) 8080 (http) with context path ''
2019-09-24  09:34:05.637 [restartedMain] INFO  o.s.boot.devtools.autoconfigure.ConditionEvaluationDeltaLoggingListener - Condition evaluation unchanged
2019-09-24  09:35:30.831 [https-jsse-nio-8443-exec-9] INFO  org.springframework.web.servlet.DispatcherServlet - Initializing Servlet 'dispatcherServlet'
2019-09-24  09:35:30.847 [https-jsse-nio-8443-exec-9] INFO  org.springframework.web.servlet.DispatcherServlet - Completed initialization in 0 ms
2019-09-24  09:35:31.065 [https-jsse-nio-8443-exec-9] ERROR o.s.boot.autoconfigure.web.servlet.error.ErrorMvcAutoConfiguration$StaticView - Cannot render error page for request [/roleManage/toAddRole] and exception [No message available] as the response has already been committed. As a result, the response may have the wrong status code.
2019-09-24  10:20:37.766 [Thread-26] INFO  org.springframework.scheduling.concurrent.ThreadPoolTaskExecutor - Shutting down ExecutorService 'applicationTaskExecutor'
2019-09-24  10:20:40.389 [restartedMain] INFO  o.s.context.support.PostProcessorRegistrationDelegate$BeanPostProcessorChecker - Bean 'shiro' of type [com.jinglun.guard.shiro.Shiro$$EnhancerBySpringCGLIB$$bfdb9f66] is not eligible for getting processed by all BeanPostProcessors (for example: not eligible for auto-proxying)
2019-09-24  10:20:40.420 [restartedMain] INFO  o.s.context.support.PostProcessorRegistrationDelegate$BeanPostProcessorChecker - Bean 'userServiceImpl' of type [com.jinglun.guard.user.service.impl.UserServiceImpl] is not eligible for getting processed by all BeanPostProcessors (for example: not eligible for auto-proxying)
2019-09-24  10:20:40.420 [restartedMain] INFO  o.s.context.support.PostProcessorRegistrationDelegate$BeanPostProcessorChecker - Bean 'Realm' of type [com.jinglun.guard.shiro.Realm] is not eligible for getting processed by all BeanPostProcessors (for example: not eligible for auto-proxying)
2019-09-24  10:20:40.420 [restartedMain] INFO  o.s.context.support.PostProcessorRegistrationDelegate$BeanPostProcessorChecker - Bean 'securityManager' of type [org.apache.shiro.web.mgt.DefaultWebSecurityManager] is not eligible for getting processed by all BeanPostProcessors (for example: not eligible for auto-proxying)
2019-09-24  10:20:40.452 [restartedMain] INFO  o.s.context.support.PostProcessorRegistrationDelegate$BeanPostProcessorChecker - Bean 'authorizationAttributeSourceAdvisor' of type [org.apache.shiro.spring.security.interceptor.AuthorizationAttributeSourceAdvisor] is not eligible for getting processed by all BeanPostProcessors (for example: not eligible for auto-proxying)
2019-09-24  10:20:40.687 [restartedMain] INFO  org.springframework.boot.web.embedded.tomcat.TomcatWebServer - Tomcat initialized with port(s): 8443 (https) 8080 (http)
2019-09-24  10:20:40.718 [restartedMain] INFO  org.springframework.web.context.ContextLoader - Root WebApplicationContext: initialization completed in 2155 ms
2019-09-24  10:20:41.373 [restartedMain] INFO  org.springframework.scheduling.concurrent.ThreadPoolTaskExecutor - Initializing ExecutorService 'applicationTaskExecutor'
2019-09-24  10:20:41.950 [restartedMain] INFO  org.springframework.boot.devtools.autoconfigure.OptionalLiveReloadServer - LiveReload server is running on port 35729
2019-09-24  10:20:42.310 [restartedMain] INFO  org.springframework.boot.web.embedded.tomcat.TomcatWebServer - Tomcat started on port(s): 8443 (https) 8080 (http) with context path ''
2019-09-24  10:20:42.326 [restartedMain] INFO  o.s.boot.devtools.autoconfigure.ConditionEvaluationDeltaLoggingListener - Condition evaluation unchanged
2019-09-24  10:21:46.443 [Thread-33] INFO  org.springframework.scheduling.concurrent.ThreadPoolTaskExecutor - Shutting down ExecutorService 'applicationTaskExecutor'
2019-09-24  10:21:47.505 [restartedMain] INFO  o.s.context.support.PostProcessorRegistrationDelegate$BeanPostProcessorChecker - Bean 'shiro' of type [com.jinglun.guard.shiro.Shiro$$EnhancerBySpringCGLIB$$bfdb9f66] is not eligible for getting processed by all BeanPostProcessors (for example: not eligible for auto-proxying)
2019-09-24  10:21:47.521 [restartedMain] INFO  o.s.context.support.PostProcessorRegistrationDelegate$BeanPostProcessorChecker - Bean 'userServiceImpl' of type [com.jinglun.guard.user.service.impl.UserServiceImpl] is not eligible for getting processed by all BeanPostProcessors (for example: not eligible for auto-proxying)
2019-09-24  10:21:47.521 [restartedMain] INFO  o.s.context.support.PostProcessorRegistrationDelegate$BeanPostProcessorChecker - Bean 'Realm' of type [com.jinglun.guard.shiro.Realm] is not eligible for getting processed by all BeanPostProcessors (for example: not eligible for auto-proxying)
2019-09-24  10:21:47.537 [restartedMain] INFO  o.s.context.support.PostProcessorRegistrationDelegate$BeanPostProcessorChecker - Bean 'securityManager' of type [org.apache.shiro.web.mgt.DefaultWebSecurityManager] is not eligible for getting processed by all BeanPostProcessors (for example: not eligible for auto-proxying)
2019-09-24  10:21:47.537 [restartedMain] INFO  o.s.context.support.PostProcessorRegistrationDelegate$BeanPostProcessorChecker - Bean 'authorizationAttributeSourceAdvisor' of type [org.apache.shiro.spring.security.interceptor.AuthorizationAttributeSourceAdvisor] is not eligible for getting processed by all BeanPostProcessors (for example: not eligible for auto-proxying)
2019-09-24  10:21:47.802 [restartedMain] INFO  org.springframework.boot.web.embedded.tomcat.TomcatWebServer - Tomcat initialized with port(s): 8443 (https) 8080 (http)
2019-09-24  10:21:47.833 [restartedMain] INFO  org.springframework.web.context.ContextLoader - Root WebApplicationContext: initialization completed in 999 ms
2019-09-24  10:21:48.380 [restartedMain] INFO  org.springframework.scheduling.concurrent.ThreadPoolTaskExecutor - Initializing ExecutorService 'applicationTaskExecutor'
2019-09-24  10:21:48.926 [restartedMain] INFO  org.springframework.boot.devtools.autoconfigure.OptionalLiveReloadServer - LiveReload server is running on port 35729
2019-09-24  10:21:49.223 [restartedMain] INFO  org.springframework.boot.web.embedded.tomcat.TomcatWebServer - Tomcat started on port(s): 8443 (https) 8080 (http) with context path ''
2019-09-24  10:21:49.223 [restartedMain] INFO  o.s.boot.devtools.autoconfigure.ConditionEvaluationDeltaLoggingListener - Condition evaluation unchanged
2019-09-24  10:22:02.469 [https-jsse-nio-8443-exec-5] INFO  org.springframework.web.servlet.DispatcherServlet - Initializing Servlet 'dispatcherServlet'
2019-09-24  10:22:02.517 [https-jsse-nio-8443-exec-5] INFO  org.springframework.web.servlet.DispatcherServlet - Completed initialization in 48 ms
2019-09-24  10:24:25.467 [Thread-40] INFO  org.springframework.scheduling.concurrent.ThreadPoolTaskExecutor - Shutting down ExecutorService 'applicationTaskExecutor'
2019-09-24  10:24:26.669 [restartedMain] INFO  o.s.context.support.PostProcessorRegistrationDelegate$BeanPostProcessorChecker - Bean 'shiro' of type [com.jinglun.guard.shiro.Shiro$$EnhancerBySpringCGLIB$$bfdb9f66] is not eligible for getting processed by all BeanPostProcessors (for example: not eligible for auto-proxying)
2019-09-24  10:24:26.700 [restartedMain] INFO  o.s.context.support.PostProcessorRegistrationDelegate$BeanPostProcessorChecker - Bean 'userServiceImpl' of type [com.jinglun.guard.user.service.impl.UserServiceImpl] is not eligible for getting processed by all BeanPostProcessors (for example: not eligible for auto-proxying)
2019-09-24  10:24:26.700 [restartedMain] INFO  o.s.context.support.PostProcessorRegistrationDelegate$BeanPostProcessorChecker - Bean 'Realm' of type [com.jinglun.guard.shiro.Realm] is not eligible for getting processed by all BeanPostProcessors (for example: not eligible for auto-proxying)
2019-09-24  10:24:26.700 [restartedMain] INFO  o.s.context.support.PostProcessorRegistrationDelegate$BeanPostProcessorChecker - Bean 'securityManager' of type [org.apache.shiro.web.mgt.DefaultWebSecurityManager] is not eligible for getting processed by all BeanPostProcessors (for example: not eligible for auto-proxying)
2019-09-24  10:24:26.700 [restartedMain] INFO  o.s.context.support.PostProcessorRegistrationDelegate$BeanPostProcessorChecker - Bean 'authorizationAttributeSourceAdvisor' of type [org.apache.shiro.spring.security.interceptor.AuthorizationAttributeSourceAdvisor] is not eligible for getting processed by all BeanPostProcessors (for example: not eligible for auto-proxying)
2019-09-24  10:24:26.919 [restartedMain] INFO  org.springframework.boot.web.embedded.tomcat.TomcatWebServer - Tomcat initialized with port(s): 8443 (https) 8080 (http)
2019-09-24  10:24:26.951 [restartedMain] INFO  org.springframework.web.context.ContextLoader - Root WebApplicationContext: initialization completed in 1047 ms
2019-09-24  10:24:27.544 [restartedMain] INFO  org.springframework.scheduling.concurrent.ThreadPoolTaskExecutor - Initializing ExecutorService 'applicationTaskExecutor'
2019-09-24  10:24:28.074 [restartedMain] INFO  org.springframework.boot.devtools.autoconfigure.OptionalLiveReloadServer - LiveReload server is running on port 35729
2019-09-24  10:24:28.403 [restartedMain] INFO  org.springframework.boot.web.embedded.tomcat.TomcatWebServer - Tomcat started on port(s): 8443 (https) 8080 (http) with context path ''
2019-09-24  10:24:28.403 [restartedMain] INFO  o.s.boot.devtools.autoconfigure.ConditionEvaluationDeltaLoggingListener - Condition evaluation unchanged
2019-09-24  10:28:03.159 [https-jsse-nio-8443-exec-1] INFO  org.springframework.web.servlet.DispatcherServlet - Initializing Servlet 'dispatcherServlet'
2019-09-24  10:28:03.190 [https-jsse-nio-8443-exec-1] INFO  org.springframework.web.servlet.DispatcherServlet - Completed initialization in 31 ms
2019-09-24  10:31:34.253 [Thread-47] INFO  org.springframework.scheduling.concurrent.ThreadPoolTaskExecutor - Shutting down ExecutorService 'applicationTaskExecutor'
2019-09-24  10:31:35.628 [restartedMain] INFO  o.s.context.support.PostProcessorRegistrationDelegate$BeanPostProcessorChecker - Bean 'shiro' of type [com.jinglun.guard.shiro.Shiro$$EnhancerBySpringCGLIB$$bfdb9f66] is not eligible for getting processed by all BeanPostProcessors (for example: not eligible for auto-proxying)
2019-09-24  10:31:35.660 [restartedMain] INFO  o.s.context.support.PostProcessorRegistrationDelegate$BeanPostProcessorChecker - Bean 'userServiceImpl' of type [com.jinglun.guard.user.service.impl.UserServiceImpl] is not eligible for getting processed by all BeanPostProcessors (for example: not eligible for auto-proxying)
2019-09-24  10:31:35.660 [restartedMain] INFO  o.s.context.support.PostProcessorRegistrationDelegate$BeanPostProcessorChecker - Bean 'Realm' of type [com.jinglun.guard.shiro.Realm] is not eligible for getting processed by all BeanPostProcessors (for example: not eligible for auto-proxying)
2019-09-24  10:31:35.660 [restartedMain] INFO  o.s.context.support.PostProcessorRegistrationDelegate$BeanPostProcessorChecker - Bean 'securityManager' of type [org.apache.shiro.web.mgt.DefaultWebSecurityManager] is not eligible for getting processed by all BeanPostProcessors (for example: not eligible for auto-proxying)
2019-09-24  10:31:35.675 [restartedMain] INFO  o.s.context.support.PostProcessorRegistrationDelegate$BeanPostProcessorChecker - Bean 'authorizationAttributeSourceAdvisor' of type [org.apache.shiro.spring.security.interceptor.AuthorizationAttributeSourceAdvisor] is not eligible for getting processed by all BeanPostProcessors (for example: not eligible for auto-proxying)
2019-09-24  10:31:35.910 [restartedMain] INFO  org.springframework.boot.web.embedded.tomcat.TomcatWebServer - Tomcat initialized with port(s): 8443 (https) 8080 (http)
2019-09-24  10:31:35.941 [restartedMain] INFO  org.springframework.web.context.ContextLoader - Root WebApplicationContext: initialization completed in 1203 ms
2019-09-24  10:31:36.550 [restartedMain] INFO  org.springframework.scheduling.concurrent.ThreadPoolTaskExecutor - Initializing ExecutorService 'applicationTaskExecutor'
2019-09-24  10:31:37.096 [restartedMain] INFO  org.springframework.boot.devtools.autoconfigure.OptionalLiveReloadServer - LiveReload server is running on port 35729
2019-09-24  10:31:37.424 [restartedMain] INFO  org.springframework.boot.web.embedded.tomcat.TomcatWebServer - Tomcat started on port(s): 8443 (https) 8080 (http) with context path ''
2019-09-24  10:31:37.424 [restartedMain] INFO  o.s.boot.devtools.autoconfigure.ConditionEvaluationDeltaLoggingListener - Condition evaluation unchanged
2019-09-24  10:36:27.867 [Thread-54] INFO  org.springframework.scheduling.concurrent.ThreadPoolTaskExecutor - Shutting down ExecutorService 'applicationTaskExecutor'
2019-09-24  10:36:29.210 [restartedMain] INFO  o.s.context.support.PostProcessorRegistrationDelegate$BeanPostProcessorChecker - Bean 'shiro' of type [com.jinglun.guard.shiro.Shiro$$EnhancerBySpringCGLIB$$bfdb9f66] is not eligible for getting processed by all BeanPostProcessors (for example: not eligible for auto-proxying)
2019-09-24  10:36:29.226 [restartedMain] INFO  o.s.context.support.PostProcessorRegistrationDelegate$BeanPostProcessorChecker - Bean 'userServiceImpl' of type [com.jinglun.guard.user.service.impl.UserServiceImpl] is not eligible for getting processed by all BeanPostProcessors (for example: not eligible for auto-proxying)
2019-09-24  10:36:29.226 [restartedMain] INFO  o.s.context.support.PostProcessorRegistrationDelegate$BeanPostProcessorChecker - Bean 'Realm' of type [com.jinglun.guard.shiro.Realm] is not eligible for getting processed by all BeanPostProcessors (for example: not eligible for auto-proxying)
2019-09-24  10:36:29.226 [restartedMain] INFO  o.s.context.support.PostProcessorRegistrationDelegate$BeanPostProcessorChecker - Bean 'securityManager' of type [org.apache.shiro.web.mgt.DefaultWebSecurityManager] is not eligible for getting processed by all BeanPostProcessors (for example: not eligible for auto-proxying)
2019-09-24  10:36:29.257 [restartedMain] INFO  o.s.context.support.PostProcessorRegistrationDelegate$BeanPostProcessorChecker - Bean 'authorizationAttributeSourceAdvisor' of type [org.apache.shiro.spring.security.interceptor.AuthorizationAttributeSourceAdvisor] is not eligible for getting processed by all BeanPostProcessors (for example: not eligible for auto-proxying)
2019-09-24  10:36:29.476 [restartedMain] INFO  org.springframework.boot.web.embedded.tomcat.TomcatWebServer - Tomcat initialized with port(s): 8443 (https) 8080 (http)
2019-09-24  10:36:29.508 [restartedMain] INFO  org.springframework.web.context.ContextLoader - Root WebApplicationContext: initialization completed in 1219 ms
2019-09-24  10:36:30.366 [restartedMain] INFO  org.springframework.scheduling.concurrent.ThreadPoolTaskExecutor - Initializing ExecutorService 'applicationTaskExecutor'
2019-09-24  10:36:30.958 [restartedMain] INFO  org.springframework.boot.devtools.autoconfigure.OptionalLiveReloadServer - LiveReload server is running on port 35729
2019-09-24  10:36:31.271 [restartedMain] INFO  org.springframework.boot.web.embedded.tomcat.TomcatWebServer - Tomcat started on port(s): 8443 (https) 8080 (http) with context path ''
2019-09-24  10:36:31.271 [restartedMain] INFO  o.s.boot.devtools.autoconfigure.ConditionEvaluationDeltaLoggingListener - Condition evaluation unchanged
2019-09-24  10:37:53.547 [Thread-61] INFO  org.springframework.scheduling.concurrent.ThreadPoolTaskExecutor - Shutting down ExecutorService 'applicationTaskExecutor'
2019-09-24  10:37:54.594 [restartedMain] INFO  o.s.context.support.PostProcessorRegistrationDelegate$BeanPostProcessorChecker - Bean 'shiro' of type [com.jinglun.guard.shiro.Shiro$$EnhancerBySpringCGLIB$$bfdb9f66] is not eligible for getting processed by all BeanPostProcessors (for example: not eligible for auto-proxying)
2019-09-24  10:37:54.625 [restartedMain] INFO  o.s.context.support.PostProcessorRegistrationDelegate$BeanPostProcessorChecker - Bean 'userServiceImpl' of type [com.jinglun.guard.user.service.impl.UserServiceImpl] is not eligible for getting processed by all BeanPostProcessors (for example: not eligible for auto-proxying)
2019-09-24  10:37:54.625 [restartedMain] INFO  o.s.context.support.PostProcessorRegistrationDelegate$BeanPostProcessorChecker - Bean 'Realm' of type [com.jinglun.guard.shiro.Realm] is not eligible for getting processed by all BeanPostProcessors (for example: not eligible for auto-proxying)
2019-09-24  10:37:54.625 [restartedMain] INFO  o.s.context.support.PostProcessorRegistrationDelegate$BeanPostProcessorChecker - Bean 'securityManager' of type [org.apache.shiro.web.mgt.DefaultWebSecurityManager] is not eligible for getting processed by all BeanPostProcessors (for example: not eligible for auto-proxying)
2019-09-24  10:37:54.641 [restartedMain] INFO  o.s.context.support.PostProcessorRegistrationDelegate$BeanPostProcessorChecker - Bean 'authorizationAttributeSourceAdvisor' of type [org.apache.shiro.spring.security.interceptor.AuthorizationAttributeSourceAdvisor] is not eligible for getting processed by all BeanPostProcessors (for example: not eligible for auto-proxying)
2019-09-24  10:37:54.891 [restartedMain] INFO  org.springframework.boot.web.embedded.tomcat.TomcatWebServer - Tomcat initialized with port(s): 8443 (https) 8080 (http)
2019-09-24  10:37:54.923 [restartedMain] INFO  org.springframework.web.context.ContextLoader - Root WebApplicationContext: initialization completed in 1047 ms
2019-09-24  10:37:55.470 [restartedMain] INFO  org.springframework.scheduling.concurrent.ThreadPoolTaskExecutor - Initializing ExecutorService 'applicationTaskExecutor'
2019-09-24  10:37:56.109 [restartedMain] INFO  org.springframework.boot.devtools.autoconfigure.OptionalLiveReloadServer - LiveReload server is running on port 35729
2019-09-24  10:37:56.578 [restartedMain] INFO  org.springframework.boot.web.embedded.tomcat.TomcatWebServer - Tomcat started on port(s): 8443 (https) 8080 (http) with context path ''
2019-09-24  10:37:56.594 [restartedMain] INFO  o.s.boot.devtools.autoconfigure.ConditionEvaluationDeltaLoggingListener - Condition evaluation unchanged
2019-09-24  10:38:27.295 [https-jsse-nio-8443-exec-1] INFO  org.springframework.web.servlet.DispatcherServlet - Initializing Servlet 'dispatcherServlet'
2019-09-24  10:38:27.343 [https-jsse-nio-8443-exec-1] INFO  org.springframework.web.servlet.DispatcherServlet - Completed initialization in 48 ms
2019-09-24  11:34:17.723 [Thread-68] INFO  org.springframework.scheduling.concurrent.ThreadPoolTaskExecutor - Shutting down ExecutorService 'applicationTaskExecutor'
2019-09-24  11:34:20.893 [restartedMain] INFO  o.s.context.support.PostProcessorRegistrationDelegate$BeanPostProcessorChecker - Bean 'shiro' of type [com.jinglun.guard.shiro.Shiro$$EnhancerBySpringCGLIB$$bfdb9f66] is not eligible for getting processed by all BeanPostProcessors (for example: not eligible for auto-proxying)
2019-09-24  11:34:20.909 [restartedMain] INFO  o.s.context.support.PostProcessorRegistrationDelegate$BeanPostProcessorChecker - Bean 'userServiceImpl' of type [com.jinglun.guard.user.service.impl.UserServiceImpl] is not eligible for getting processed by all BeanPostProcessors (for example: not eligible for auto-proxying)
2019-09-24  11:34:20.909 [restartedMain] INFO  o.s.context.support.PostProcessorRegistrationDelegate$BeanPostProcessorChecker - Bean 'Realm' of type [com.jinglun.guard.shiro.Realm] is not eligible for getting processed by all BeanPostProcessors (for example: not eligible for auto-proxying)
2019-09-24  11:34:20.924 [restartedMain] INFO  o.s.context.support.PostProcessorRegistrationDelegate$BeanPostProcessorChecker - Bean 'securityManager' of type [org.apache.shiro.web.mgt.DefaultWebSecurityManager] is not eligible for getting processed by all BeanPostProcessors (for example: not eligible for auto-proxying)
2019-09-24  11:34:20.940 [restartedMain] INFO  o.s.context.support.PostProcessorRegistrationDelegate$BeanPostProcessorChecker - Bean 'authorizationAttributeSourceAdvisor' of type [org.apache.shiro.spring.security.interceptor.AuthorizationAttributeSourceAdvisor] is not eligible for getting processed by all BeanPostProcessors (for example: not eligible for auto-proxying)
2019-09-24  11:34:21.284 [restartedMain] INFO  org.springframework.boot.web.embedded.tomcat.TomcatWebServer - Tomcat initialized with port(s): 8443 (https) 8080 (http)
2019-09-24  11:34:21.331 [restartedMain] INFO  org.springframework.web.context.ContextLoader - Root WebApplicationContext: initialization completed in 2233 ms
2019-09-24  11:34:22.158 [restartedMain] INFO  org.springframework.scheduling.concurrent.ThreadPoolTaskExecutor - Initializing ExecutorService 'applicationTaskExecutor'
2019-09-24  11:34:22.751 [restartedMain] INFO  org.springframework.boot.devtools.autoconfigure.OptionalLiveReloadServer - LiveReload server is running on port 35729
2019-09-24  11:34:23.142 [restartedMain] INFO  org.springframework.boot.web.embedded.tomcat.TomcatWebServer - Tomcat started on port(s): 8443 (https) 8080 (http) with context path ''
2019-09-24  11:34:23.142 [restartedMain] INFO  o.s.boot.devtools.autoconfigure.ConditionEvaluationDeltaLoggingListener - Condition evaluation unchanged
2019-09-24  11:35:56.624 [https-jsse-nio-8443-exec-5] INFO  org.springframework.web.servlet.DispatcherServlet - Initializing Servlet 'dispatcherServlet'
2019-09-24  11:35:56.640 [https-jsse-nio-8443-exec-5] INFO  org.springframework.web.servlet.DispatcherServlet - Completed initialization in 16 ms
2019-09-24  11:35:56.765 [https-jsse-nio-8443-exec-5] ERROR o.s.boot.autoconfigure.web.servlet.error.ErrorMvcAutoConfiguration$StaticView - Cannot render error page for request [/roleManage/toAddRole] and exception [No message available] as the response has already been committed. As a result, the response may have the wrong status code.
2019-09-24  14:17:03.066 [Thread-75] INFO  org.springframework.scheduling.concurrent.ThreadPoolTaskExecutor - Shutting down ExecutorService 'applicationTaskExecutor'
2019-09-24  14:17:11.851 [restartedMain] INFO  o.s.context.support.PostProcessorRegistrationDelegate$BeanPostProcessorChecker - Bean 'shiro' of type [com.jinglun.guard.shiro.Shiro$$EnhancerBySpringCGLIB$$bfdb9f66] is not eligible for getting processed by all BeanPostProcessors (for example: not eligible for auto-proxying)
2019-09-24  14:17:11.913 [restartedMain] INFO  o.s.context.support.PostProcessorRegistrationDelegate$BeanPostProcessorChecker - Bean 'userServiceImpl' of type [com.jinglun.guard.user.service.impl.UserServiceImpl] is not eligible for getting processed by all BeanPostProcessors (for example: not eligible for auto-proxying)
2019-09-24  14:17:11.913 [restartedMain] INFO  o.s.context.support.PostProcessorRegistrationDelegate$BeanPostProcessorChecker - Bean 'Realm' of type [com.jinglun.guard.shiro.Realm] is not eligible for getting processed by all BeanPostProcessors (for example: not eligible for auto-proxying)
2019-09-24  14:17:11.913 [restartedMain] INFO  o.s.context.support.PostProcessorRegistrationDelegate$BeanPostProcessorChecker - Bean 'securityManager' of type [org.apache.shiro.web.mgt.DefaultWebSecurityManager] is not eligible for getting processed by all BeanPostProcessors (for example: not eligible for auto-proxying)
2019-09-24  14:17:11.929 [restartedMain] INFO  o.s.context.support.PostProcessorRegistrationDelegate$BeanPostProcessorChecker - Bean 'authorizationAttributeSourceAdvisor' of type [org.apache.shiro.spring.security.interceptor.AuthorizationAttributeSourceAdvisor] is not eligible for getting processed by all BeanPostProcessors (for example: not eligible for auto-proxying)
2019-09-24  14:17:18.450 [restartedMain] INFO  org.springframework.boot.web.embedded.tomcat.TomcatWebServer - Tomcat initialized with port(s): 8443 (https) 8080 (http)
2019-09-24  14:17:18.529 [restartedMain] INFO  org.springframework.web.context.ContextLoader - Root WebApplicationContext: initialization completed in 12966 ms
2019-09-24  14:17:19.356 [restartedMain] INFO  org.springframework.scheduling.concurrent.ThreadPoolTaskExecutor - Initializing ExecutorService 'applicationTaskExecutor'
2019-09-24  14:17:19.996 [restartedMain] INFO  org.springframework.boot.devtools.autoconfigure.OptionalLiveReloadServer - LiveReload server is running on port 35729
2019-09-24  14:17:20.449 [restartedMain] INFO  org.springframework.boot.web.embedded.tomcat.TomcatWebServer - Tomcat started on port(s): 8443 (https) 8080 (http) with context path ''
2019-09-24  14:17:20.449 [restartedMain] INFO  o.s.boot.devtools.autoconfigure.ConditionEvaluationDeltaLoggingListener - Condition evaluation unchanged
2019-09-24  14:23:08.565 [https-jsse-nio-8443-exec-5] INFO  org.springframework.web.servlet.DispatcherServlet - Initializing Servlet 'dispatcherServlet'
2019-09-24  14:23:08.597 [https-jsse-nio-8443-exec-5] INFO  org.springframework.web.servlet.DispatcherServlet - Completed initialization in 32 ms
2019-09-24  14:33:49.560 [Thread-82] INFO  org.springframework.scheduling.concurrent.ThreadPoolTaskExecutor - Shutting down ExecutorService 'applicationTaskExecutor'
2019-09-24  14:33:53.634 [restartedMain] INFO  o.s.context.support.PostProcessorRegistrationDelegate$BeanPostProcessorChecker - Bean 'shiro' of type [com.jinglun.guard.shiro.Shiro$$EnhancerBySpringCGLIB$$bfdb9f66] is not eligible for getting processed by all BeanPostProcessors (for example: not eligible for auto-proxying)
2019-09-24  14:33:53.649 [restartedMain] INFO  o.s.context.support.PostProcessorRegistrationDelegate$BeanPostProcessorChecker - Bean 'userServiceImpl' of type [com.jinglun.guard.user.service.impl.UserServiceImpl] is not eligible for getting processed by all BeanPostProcessors (for example: not eligible for auto-proxying)
2019-09-24  14:33:53.649 [restartedMain] INFO  o.s.context.support.PostProcessorRegistrationDelegate$BeanPostProcessorChecker - Bean 'Realm' of type [com.jinglun.guard.shiro.Realm] is not eligible for getting processed by all BeanPostProcessors (for example: not eligible for auto-proxying)
2019-09-24  14:33:53.649 [restartedMain] INFO  o.s.context.support.PostProcessorRegistrationDelegate$BeanPostProcessorChecker - Bean 'securityManager' of type [org.apache.shiro.web.mgt.DefaultWebSecurityManager] is not eligible for getting processed by all BeanPostProcessors (for example: not eligible for auto-proxying)
2019-09-24  14:33:53.665 [restartedMain] INFO  o.s.context.support.PostProcessorRegistrationDelegate$BeanPostProcessorChecker - Bean 'authorizationAttributeSourceAdvisor' of type [org.apache.shiro.spring.security.interceptor.AuthorizationAttributeSourceAdvisor] is not eligible for getting processed by all BeanPostProcessors (for example: not eligible for auto-proxying)
2019-09-24  14:33:53.900 [restartedMain] INFO  org.springframework.boot.web.embedded.tomcat.TomcatWebServer - Tomcat initialized with port(s): 8443 (https) 8080 (http)
2019-09-24  14:33:53.931 [restartedMain] INFO  org.springframework.web.context.ContextLoader - Root WebApplicationContext: initialization completed in 3730 ms
2019-09-24  14:33:54.555 [restartedMain] INFO  org.springframework.scheduling.concurrent.ThreadPoolTaskExecutor - Initializing ExecutorService 'applicationTaskExecutor'
2019-09-24  14:33:55.132 [restartedMain] INFO  org.springframework.boot.devtools.autoconfigure.OptionalLiveReloadServer - LiveReload server is running on port 35729
2019-09-24  14:33:55.508 [restartedMain] INFO  org.springframework.boot.web.embedded.tomcat.TomcatWebServer - Tomcat started on port(s): 8443 (https) 8080 (http) with context path ''
2019-09-24  14:33:55.508 [restartedMain] INFO  o.s.boot.devtools.autoconfigure.ConditionEvaluationDeltaLoggingListener - Condition evaluation unchanged
2019-09-24  14:34:34.120 [https-jsse-nio-8443-exec-4] INFO  org.springframework.web.servlet.DispatcherServlet - Initializing Servlet 'dispatcherServlet'
2019-09-24  14:34:34.151 [https-jsse-nio-8443-exec-4] INFO  org.springframework.web.servlet.DispatcherServlet - Completed initialization in 31 ms
2019-09-24  14:55:23.160 [Thread-89] INFO  org.springframework.scheduling.concurrent.ThreadPoolTaskExecutor - Shutting down ExecutorService 'applicationTaskExecutor'
2019-09-24  14:55:33.099 [restartedMain] INFO  o.s.context.support.PostProcessorRegistrationDelegate$BeanPostProcessorChecker - Bean 'shiro' of type [com.jinglun.guard.shiro.Shiro$$EnhancerBySpringCGLIB$$bfdb9f66] is not eligible for getting processed by all BeanPostProcessors (for example: not eligible for auto-proxying)
2019-09-24  14:55:33.130 [restartedMain] INFO  o.s.context.support.PostProcessorRegistrationDelegate$BeanPostProcessorChecker - Bean 'userServiceImpl' of type [com.jinglun.guard.user.service.impl.UserServiceImpl] is not eligible for getting processed by all BeanPostProcessors (for example: not eligible for auto-proxying)
2019-09-24  14:55:33.130 [restartedMain] INFO  o.s.context.support.PostProcessorRegistrationDelegate$BeanPostProcessorChecker - Bean 'Realm' of type [com.jinglun.guard.shiro.Realm] is not eligible for getting processed by all BeanPostProcessors (for example: not eligible for auto-proxying)
2019-09-24  14:55:33.130 [restartedMain] INFO  o.s.context.support.PostProcessorRegistrationDelegate$BeanPostProcessorChecker - Bean 'securityManager' of type [org.apache.shiro.web.mgt.DefaultWebSecurityManager] is not eligible for getting processed by all BeanPostProcessors (for example: not eligible for auto-proxying)
2019-09-24  14:55:33.146 [restartedMain] INFO  o.s.context.support.PostProcessorRegistrationDelegate$BeanPostProcessorChecker - Bean 'authorizationAttributeSourceAdvisor' of type [org.apache.shiro.spring.security.interceptor.AuthorizationAttributeSourceAdvisor] is not eligible for getting processed by all BeanPostProcessors (for example: not eligible for auto-proxying)
2019-09-24  14:55:33.412 [restartedMain] INFO  org.springframework.boot.web.embedded.tomcat.TomcatWebServer - Tomcat initialized with port(s): 8443 (https) 8080 (http)
2019-09-24  14:55:33.506 [restartedMain] INFO  org.springframework.web.context.ContextLoader - Root WebApplicationContext: initialization completed in 1811 ms
2019-09-24  14:55:34.177 [restartedMain] INFO  org.springframework.scheduling.concurrent.ThreadPoolTaskExecutor - Initializing ExecutorService 'applicationTaskExecutor'
2019-09-24  14:55:34.879 [restartedMain] INFO  org.springframework.boot.devtools.autoconfigure.OptionalLiveReloadServer - LiveReload server is running on port 35729
2019-09-24  14:55:35.254 [restartedMain] INFO  org.springframework.boot.web.embedded.tomcat.TomcatWebServer - Tomcat started on port(s): 8443 (https) 8080 (http) with context path ''
2019-09-24  14:55:35.270 [restartedMain] INFO  o.s.boot.devtools.autoconfigure.ConditionEvaluationDeltaLoggingListener - Condition evaluation unchanged
2019-09-24  14:55:53.550 [Thread-96] INFO  org.springframework.scheduling.concurrent.ThreadPoolTaskExecutor - Shutting down ExecutorService 'applicationTaskExecutor'
2019-09-24  14:55:54.676 [restartedMain] INFO  o.s.context.support.PostProcessorRegistrationDelegate$BeanPostProcessorChecker - Bean 'shiro' of type [com.jinglun.guard.shiro.Shiro$$EnhancerBySpringCGLIB$$bfdb9f66] is not eligible for getting processed by all BeanPostProcessors (for example: not eligible for auto-proxying)
2019-09-24  14:55:54.754 [restartedMain] INFO  o.s.context.support.PostProcessorRegistrationDelegate$BeanPostProcessorChecker - Bean 'userServiceImpl' of type [com.jinglun.guard.user.service.impl.UserServiceImpl] is not eligible for getting processed by all BeanPostProcessors (for example: not eligible for auto-proxying)
2019-09-24  14:55:54.754 [restartedMain] INFO  o.s.context.support.PostProcessorRegistrationDelegate$BeanPostProcessorChecker - Bean 'Realm' of type [com.jinglun.guard.shiro.Realm] is not eligible for getting processed by all BeanPostProcessors (for example: not eligible for auto-proxying)
2019-09-24  14:55:54.754 [restartedMain] INFO  o.s.context.support.PostProcessorRegistrationDelegate$BeanPostProcessorChecker - Bean 'securityManager' of type [org.apache.shiro.web.mgt.DefaultWebSecurityManager] is not eligible for getting processed by all BeanPostProcessors (for example: not eligible for auto-proxying)
2019-09-24  14:55:54.770 [restartedMain] INFO  o.s.context.support.PostProcessorRegistrationDelegate$BeanPostProcessorChecker - Bean 'authorizationAttributeSourceAdvisor' of type [org.apache.shiro.spring.security.interceptor.AuthorizationAttributeSourceAdvisor] is not eligible for getting processed by all BeanPostProcessors (for example: not eligible for auto-proxying)
2019-09-24  14:55:54.988 [restartedMain] INFO  org.springframework.boot.web.embedded.tomcat.TomcatWebServer - Tomcat initialized with port(s): 8443 (https) 8080 (http)
2019-09-24  14:55:55.004 [restartedMain] INFO  org.springframework.web.context.ContextLoader - Root WebApplicationContext: initialization completed in 1000 ms
2019-09-24  14:55:55.566 [restartedMain] INFO  org.springframework.scheduling.concurrent.ThreadPoolTaskExecutor - Initializing ExecutorService 'applicationTaskExecutor'
2019-09-24  14:55:56.159 [restartedMain] INFO  org.springframework.boot.devtools.autoconfigure.OptionalLiveReloadServer - LiveReload server is running on port 35729
2019-09-24  14:55:56.488 [restartedMain] INFO  org.springframework.boot.web.embedded.tomcat.TomcatWebServer - Tomcat started on port(s): 8443 (https) 8080 (http) with context path ''
2019-09-24  14:55:56.488 [restartedMain] INFO  o.s.boot.devtools.autoconfigure.ConditionEvaluationDeltaLoggingListener - Condition evaluation unchanged
2019-09-24  14:56:28.712 [restartedMain] INFO  org.springframework.boot.devtools.env.DevToolsPropertyDefaultsPostProcessor - Devtools property defaults active! Set 'spring.devtools.add-properties' to 'false' to disable
2019-09-24  14:56:28.712 [restartedMain] INFO  org.springframework.boot.devtools.env.DevToolsPropertyDefaultsPostProcessor - For additional web related logging consider setting the 'logging.level.web' property to 'DEBUG'
2019-09-24  14:56:33.612 [restartedMain] INFO  o.s.context.support.PostProcessorRegistrationDelegate$BeanPostProcessorChecker - Bean 'shiro' of type [com.jinglun.guard.shiro.Shiro$$EnhancerBySpringCGLIB$$b6cd3e5e] is not eligible for getting processed by all BeanPostProcessors (for example: not eligible for auto-proxying)
2019-09-24  14:56:35.734 [restartedMain] INFO  o.s.context.support.PostProcessorRegistrationDelegate$BeanPostProcessorChecker - Bean 'userServiceImpl' of type [com.jinglun.guard.user.service.impl.UserServiceImpl] is not eligible for getting processed by all BeanPostProcessors (for example: not eligible for auto-proxying)
2019-09-24  14:56:35.734 [restartedMain] INFO  o.s.context.support.PostProcessorRegistrationDelegate$BeanPostProcessorChecker - Bean 'Realm' of type [com.jinglun.guard.shiro.Realm] is not eligible for getting processed by all BeanPostProcessors (for example: not eligible for auto-proxying)
2019-09-24  14:56:35.734 [restartedMain] INFO  o.s.context.support.PostProcessorRegistrationDelegate$BeanPostProcessorChecker - Bean 'securityManager' of type [org.apache.shiro.web.mgt.DefaultWebSecurityManager] is not eligible for getting processed by all BeanPostProcessors (for example: not eligible for auto-proxying)
2019-09-24  14:56:35.922 [restartedMain] INFO  o.s.context.support.PostProcessorRegistrationDelegate$BeanPostProcessorChecker - Bean 'authorizationAttributeSourceAdvisor' of type [org.apache.shiro.spring.security.interceptor.AuthorizationAttributeSourceAdvisor] is not eligible for getting processed by all BeanPostProcessors (for example: not eligible for auto-proxying)
2019-09-24  14:56:38.653 [restartedMain] INFO  org.springframework.boot.web.embedded.tomcat.TomcatWebServer - Tomcat initialized with port(s): 8443 (https) 8080 (http)
2019-09-24  14:56:39.497 [restartedMain] INFO  org.springframework.web.context.ContextLoader - Root WebApplicationContext: initialization completed in 10785 ms
2019-09-24  14:56:41.120 [restartedMain] INFO  org.springframework.scheduling.concurrent.ThreadPoolTaskExecutor - Initializing ExecutorService 'applicationTaskExecutor'
2019-09-24  14:56:42.587 [restartedMain] INFO  org.springframework.boot.devtools.autoconfigure.OptionalLiveReloadServer - LiveReload server is running on port 35729
2019-09-24  14:56:43.524 [restartedMain] INFO  org.springframework.boot.web.embedded.tomcat.TomcatWebServer - Tomcat started on port(s): 8443 (https) 8080 (http) with context path ''
2019-09-24  15:02:04.000 [https-jsse-nio-8443-exec-6] INFO  org.springframework.web.servlet.DispatcherServlet - Initializing Servlet 'dispatcherServlet'
2019-09-24  15:02:04.031 [https-jsse-nio-8443-exec-6] INFO  org.springframework.web.servlet.DispatcherServlet - Completed initialization in 31 ms
2019-09-24  15:04:56.692 [Thread-7] INFO  org.springframework.scheduling.concurrent.ThreadPoolTaskExecutor - Shutting down ExecutorService 'applicationTaskExecutor'
2019-09-24  15:05:08.501 [restartedMain] INFO  org.springframework.boot.devtools.env.DevToolsPropertyDefaultsPostProcessor - Devtools property defaults active! Set 'spring.devtools.add-properties' to 'false' to disable
2019-09-24  15:05:08.501 [restartedMain] INFO  org.springframework.boot.devtools.env.DevToolsPropertyDefaultsPostProcessor - For additional web related logging consider setting the 'logging.level.web' property to 'DEBUG'
2019-09-24  15:05:10.453 [restartedMain] INFO  o.s.context.support.PostProcessorRegistrationDelegate$BeanPostProcessorChecker - Bean 'shiro' of type [com.jinglun.guard.shiro.Shiro$$EnhancerBySpringCGLIB$$29931479] is not eligible for getting processed by all BeanPostProcessors (for example: not eligible for auto-proxying)
2019-09-24  15:05:11.140 [restartedMain] INFO  o.s.context.support.PostProcessorRegistrationDelegate$BeanPostProcessorChecker - Bean 'userServiceImpl' of type [com.jinglun.guard.user.service.impl.UserServiceImpl] is not eligible for getting processed by all BeanPostProcessors (for example: not eligible for auto-proxying)
2019-09-24  15:05:11.140 [restartedMain] INFO  o.s.context.support.PostProcessorRegistrationDelegate$BeanPostProcessorChecker - Bean 'Realm' of type [com.jinglun.guard.shiro.Realm] is not eligible for getting processed by all BeanPostProcessors (for example: not eligible for auto-proxying)
2019-09-24  15:05:11.140 [restartedMain] INFO  o.s.context.support.PostProcessorRegistrationDelegate$BeanPostProcessorChecker - Bean 'securityManager' of type [org.apache.shiro.web.mgt.DefaultWebSecurityManager] is not eligible for getting processed by all BeanPostProcessors (for example: not eligible for auto-proxying)
2019-09-24  15:05:11.249 [restartedMain] INFO  o.s.context.support.PostProcessorRegistrationDelegate$BeanPostProcessorChecker - Bean 'authorizationAttributeSourceAdvisor' of type [org.apache.shiro.spring.security.interceptor.AuthorizationAttributeSourceAdvisor] is not eligible for getting processed by all BeanPostProcessors (for example: not eligible for auto-proxying)
2019-09-24  15:05:12.685 [restartedMain] INFO  org.springframework.boot.web.embedded.tomcat.TomcatWebServer - Tomcat initialized with port(s): 8443 (https) 8080 (http)
2019-09-24  15:05:13.559 [restartedMain] INFO  org.springframework.web.context.ContextLoader - Root WebApplicationContext: initialization completed in 5058 ms
2019-09-24  15:05:16.447 [restartedMain] INFO  org.springframework.scheduling.concurrent.ThreadPoolTaskExecutor - Initializing ExecutorService 'applicationTaskExecutor'
2019-09-24  15:05:17.804 [restartedMain] INFO  org.springframework.boot.devtools.autoconfigure.OptionalLiveReloadServer - LiveReload server is running on port 35729
2019-09-24  15:05:18.476 [restartedMain] INFO  org.springframework.boot.web.embedded.tomcat.TomcatWebServer - Tomcat started on port(s): 8443 (https) 8080 (http) with context path ''
2019-09-24  15:05:35.372 [https-jsse-nio-8443-exec-8] INFO  org.springframework.web.servlet.DispatcherServlet - Initializing Servlet 'dispatcherServlet'
2019-09-24  15:05:35.387 [https-jsse-nio-8443-exec-8] INFO  org.springframework.web.servlet.DispatcherServlet - Completed initialization in 15 ms
2019-09-24  15:20:39.800 [Thread-7] INFO  org.springframework.scheduling.concurrent.ThreadPoolTaskExecutor - Shutting down ExecutorService 'applicationTaskExecutor'
2019-09-24  15:20:41.519 [restartedMain] INFO  o.s.context.support.PostProcessorRegistrationDelegate$BeanPostProcessorChecker - Bean 'shiro' of type [com.jinglun.guard.shiro.Shiro$$EnhancerBySpringCGLIB$$29931479] is not eligible for getting processed by all BeanPostProcessors (for example: not eligible for auto-proxying)
2019-09-24  15:20:41.550 [restartedMain] INFO  o.s.context.support.PostProcessorRegistrationDelegate$BeanPostProcessorChecker - Bean 'userServiceImpl' of type [com.jinglun.guard.user.service.impl.UserServiceImpl] is not eligible for getting processed by all BeanPostProcessors (for example: not eligible for auto-proxying)
2019-09-24  15:20:41.550 [restartedMain] INFO  o.s.context.support.PostProcessorRegistrationDelegate$BeanPostProcessorChecker - Bean 'Realm' of type [com.jinglun.guard.shiro.Realm] is not eligible for getting processed by all BeanPostProcessors (for example: not eligible for auto-proxying)
2019-09-24  15:20:41.566 [restartedMain] INFO  o.s.context.support.PostProcessorRegistrationDelegate$BeanPostProcessorChecker - Bean 'securityManager' of type [org.apache.shiro.web.mgt.DefaultWebSecurityManager] is not eligible for getting processed by all BeanPostProcessors (for example: not eligible for auto-proxying)
2019-09-24  15:20:41.581 [restartedMain] INFO  o.s.context.support.PostProcessorRegistrationDelegate$BeanPostProcessorChecker - Bean 'authorizationAttributeSourceAdvisor' of type [org.apache.shiro.spring.security.interceptor.AuthorizationAttributeSourceAdvisor] is not eligible for getting processed by all BeanPostProcessors (for example: not eligible for auto-proxying)
2019-09-24  15:20:41.801 [restartedMain] INFO  org.springframework.boot.web.embedded.tomcat.TomcatWebServer - Tomcat initialized with port(s): 8443 (https) 8080 (http)
2019-09-24  15:20:41.894 [restartedMain] INFO  org.springframework.web.context.ContextLoader - Root WebApplicationContext: initialization completed in 1203 ms
2019-09-24  15:20:42.472 [restartedMain] INFO  org.springframework.scheduling.concurrent.ThreadPoolTaskExecutor - Initializing ExecutorService 'applicationTaskExecutor'
2019-09-24  15:20:43.205 [restartedMain] INFO  org.springframework.boot.devtools.autoconfigure.OptionalLiveReloadServer - LiveReload server is running on port 35729
2019-09-24  15:20:43.549 [restartedMain] INFO  org.springframework.boot.web.embedded.tomcat.TomcatWebServer - Tomcat started on port(s): 8443 (https) 8080 (http) with context path ''
2019-09-24  15:20:43.549 [restartedMain] INFO  o.s.boot.devtools.autoconfigure.ConditionEvaluationDeltaLoggingListener - Condition evaluation unchanged
2019-09-24  15:24:43.493 [Thread-12] INFO  org.springframework.scheduling.concurrent.ThreadPoolTaskExecutor - Shutting down ExecutorService 'applicationTaskExecutor'
2019-09-24  15:24:45.103 [restartedMain] INFO  o.s.context.support.PostProcessorRegistrationDelegate$BeanPostProcessorChecker - Bean 'shiro' of type [com.jinglun.guard.shiro.Shiro$$EnhancerBySpringCGLIB$$29931479] is not eligible for getting processed by all BeanPostProcessors (for example: not eligible for auto-proxying)
2019-09-24  15:24:45.134 [restartedMain] INFO  o.s.context.support.PostProcessorRegistrationDelegate$BeanPostProcessorChecker - Bean 'userServiceImpl' of type [com.jinglun.guard.user.service.impl.UserServiceImpl] is not eligible for getting processed by all BeanPostProcessors (for example: not eligible for auto-proxying)
2019-09-24  15:24:45.134 [restartedMain] INFO  o.s.context.support.PostProcessorRegistrationDelegate$BeanPostProcessorChecker - Bean 'Realm' of type [com.jinglun.guard.shiro.Realm] is not eligible for getting processed by all BeanPostProcessors (for example: not eligible for auto-proxying)
2019-09-24  15:24:45.134 [restartedMain] INFO  o.s.context.support.PostProcessorRegistrationDelegate$BeanPostProcessorChecker - Bean 'securityManager' of type [org.apache.shiro.web.mgt.DefaultWebSecurityManager] is not eligible for getting processed by all BeanPostProcessors (for example: not eligible for auto-proxying)
2019-09-24  15:24:45.150 [restartedMain] INFO  o.s.context.support.PostProcessorRegistrationDelegate$BeanPostProcessorChecker - Bean 'authorizationAttributeSourceAdvisor' of type [org.apache.shiro.spring.security.interceptor.AuthorizationAttributeSourceAdvisor] is not eligible for getting processed by all BeanPostProcessors (for example: not eligible for auto-proxying)
2019-09-24  15:24:45.353 [restartedMain] INFO  org.springframework.boot.web.embedded.tomcat.TomcatWebServer - Tomcat initialized with port(s): 8443 (https) 8080 (http)
2019-09-24  15:24:45.385 [restartedMain] INFO  org.springframework.web.context.ContextLoader - Root WebApplicationContext: initialization completed in 1219 ms
2019-09-24  15:24:45.962 [restartedMain] INFO  org.springframework.scheduling.concurrent.ThreadPoolTaskExecutor - Initializing ExecutorService 'applicationTaskExecutor'
2019-09-24  15:24:46.586 [restartedMain] INFO  org.springframework.boot.devtools.autoconfigure.OptionalLiveReloadServer - LiveReload server is running on port 35729
2019-09-24  15:24:46.899 [restartedMain] INFO  org.springframework.boot.web.embedded.tomcat.TomcatWebServer - Tomcat started on port(s): 8443 (https) 8080 (http) with context path ''
2019-09-24  15:24:46.914 [restartedMain] INFO  o.s.boot.devtools.autoconfigure.ConditionEvaluationDeltaLoggingListener - Condition evaluation unchanged
2019-09-24  15:25:23.356 [https-jsse-nio-8443-exec-4] INFO  org.springframework.web.servlet.DispatcherServlet - Initializing Servlet 'dispatcherServlet'
2019-09-24  15:25:23.373 [https-jsse-nio-8443-exec-4] INFO  org.springframework.web.servlet.DispatcherServlet - Completed initialization in 17 ms
