2019-08-26  08:26:17.508 [restartedMain] INFO  org.springframework.boot.devtools.env.DevToolsPropertyDefaultsPostProcessor - Devtools property defaults active! Set 'spring.devtools.add-properties' to 'false' to disable
2019-08-26  08:26:17.508 [restartedMain] INFO  org.springframework.boot.devtools.env.DevToolsPropertyDefaultsPostProcessor - For additional web related logging consider setting the 'logging.level.web' property to 'DEBUG'
2019-08-26  08:26:28.352 [restartedMain] INFO  o.s.context.support.PostProcessorRegistrationDelegate$BeanPostProcessorChecker - Bean 'shiro' of type [com.jinglun.guard.shiro.Shiro$$EnhancerBySpringCGLIB$$6c904de3] is not eligible for getting processed by all BeanPostProcessors (for example: not eligible for auto-proxying)
2019-08-26  08:26:29.172 [restartedMain] INFO  o.s.context.support.PostProcessorRegistrationDelegate$BeanPostProcessorChecker - Bean 'userServiceImpl' of type [com.jinglun.guard.user.service.impl.UserServiceImpl] is not eligible for getting processed by all BeanPostProcessors (for example: not eligible for auto-proxying)
2019-08-26  08:26:29.173 [restartedMain] INFO  o.s.context.support.PostProcessorRegistrationDelegate$BeanPostProcessorChecker - Bean 'Realm' of type [com.jinglun.guard.shiro.Realm] is not eligible for getting processed by all BeanPostProcessors (for example: not eligible for auto-proxying)
2019-08-26  08:26:29.175 [restartedMain] INFO  o.s.context.support.PostProcessorRegistrationDelegate$BeanPostProcessorChecker - Bean 'securityManager' of type [org.apache.shiro.web.mgt.DefaultWebSecurityManager] is not eligible for getting processed by all BeanPostProcessors (for example: not eligible for auto-proxying)
2019-08-26  08:26:29.779 [restartedMain] INFO  o.s.context.support.PostProcessorRegistrationDelegate$BeanPostProcessorChecker - Bean 'authorizationAttributeSourceAdvisor' of type [org.apache.shiro.spring.security.interceptor.AuthorizationAttributeSourceAdvisor] is not eligible for getting processed by all BeanPostProcessors (for example: not eligible for auto-proxying)
2019-08-26  08:26:40.916 [restartedMain] INFO  org.springframework.boot.web.embedded.tomcat.TomcatWebServer - Tomcat initialized with port(s): 8443 (https) 8080 (http)
2019-08-26  08:26:41.634 [restartedMain] INFO  org.springframework.web.context.ContextLoader - Root WebApplicationContext: initialization completed in 24126 ms
2019-08-26  08:26:43.579 [restartedMain] INFO  org.springframework.scheduling.concurrent.ThreadPoolTaskExecutor - Initializing ExecutorService 'applicationTaskExecutor'
2019-08-26  08:26:47.420 [restartedMain] INFO  org.springframework.boot.devtools.autoconfigure.OptionalLiveReloadServer - LiveReload server is running on port 35729
2019-08-26  08:26:48.358 [restartedMain] INFO  org.springframework.boot.web.embedded.tomcat.TomcatWebServer - Tomcat started on port(s): 8443 (https) 8080 (http) with context path ''
2019-08-26  08:26:52.799 [https-jsse-nio-8443-exec-6] INFO  org.springframework.web.servlet.DispatcherServlet - Initializing Servlet 'dispatcherServlet'
2019-08-26  08:26:52.851 [https-jsse-nio-8443-exec-6] INFO  org.springframework.web.servlet.DispatcherServlet - Completed initialization in 52 ms
2019-08-26  08:59:05.365 [Thread-7] INFO  org.springframework.scheduling.concurrent.ThreadPoolTaskExecutor - Shutting down ExecutorService 'applicationTaskExecutor'
2019-08-26  08:59:18.738 [restartedMain] INFO  o.s.context.support.PostProcessorRegistrationDelegate$BeanPostProcessorChecker - Bean 'shiro' of type [com.jinglun.guard.shiro.Shiro$$EnhancerBySpringCGLIB$$6c904de3] is not eligible for getting processed by all BeanPostProcessors (for example: not eligible for auto-proxying)
2019-08-26  08:59:18.770 [restartedMain] INFO  o.s.context.support.PostProcessorRegistrationDelegate$BeanPostProcessorChecker - Bean 'userServiceImpl' of type [com.jinglun.guard.user.service.impl.UserServiceImpl] is not eligible for getting processed by all BeanPostProcessors (for example: not eligible for auto-proxying)
2019-08-26  08:59:18.770 [restartedMain] INFO  o.s.context.support.PostProcessorRegistrationDelegate$BeanPostProcessorChecker - Bean 'Realm' of type [com.jinglun.guard.shiro.Realm] is not eligible for getting processed by all BeanPostProcessors (for example: not eligible for auto-proxying)
2019-08-26  08:59:18.770 [restartedMain] INFO  o.s.context.support.PostProcessorRegistrationDelegate$BeanPostProcessorChecker - Bean 'securityManager' of type [org.apache.shiro.web.mgt.DefaultWebSecurityManager] is not eligible for getting processed by all BeanPostProcessors (for example: not eligible for auto-proxying)
2019-08-26  08:59:18.785 [restartedMain] INFO  o.s.context.support.PostProcessorRegistrationDelegate$BeanPostProcessorChecker - Bean 'authorizationAttributeSourceAdvisor' of type [org.apache.shiro.spring.security.interceptor.AuthorizationAttributeSourceAdvisor] is not eligible for getting processed by all BeanPostProcessors (for example: not eligible for auto-proxying)
2019-08-26  08:59:19.021 [restartedMain] INFO  org.springframework.boot.web.embedded.tomcat.TomcatWebServer - Tomcat initialized with port(s): 8443 (https) 8080 (http)
2019-08-26  08:59:19.068 [restartedMain] INFO  org.springframework.web.context.ContextLoader - Root WebApplicationContext: initialization completed in 1206 ms
2019-08-26  08:59:19.739 [restartedMain] INFO  org.springframework.scheduling.concurrent.ThreadPoolTaskExecutor - Initializing ExecutorService 'applicationTaskExecutor'
2019-08-26  08:59:20.238 [restartedMain] INFO  org.springframework.boot.devtools.autoconfigure.OptionalLiveReloadServer - LiveReload server is running on port 35729
2019-08-26  08:59:20.551 [restartedMain] INFO  org.springframework.boot.web.embedded.tomcat.TomcatWebServer - Tomcat started on port(s): 8443 (https) 8080 (http) with context path ''
2019-08-26  08:59:20.551 [restartedMain] INFO  o.s.boot.devtools.autoconfigure.ConditionEvaluationDeltaLoggingListener - Condition evaluation unchanged
2019-08-26  08:59:48.673 [https-jsse-nio-8443-exec-7] INFO  org.springframework.web.servlet.DispatcherServlet - Initializing Servlet 'dispatcherServlet'
2019-08-26  08:59:48.689 [https-jsse-nio-8443-exec-7] INFO  org.springframework.web.servlet.DispatcherServlet - Completed initialization in 16 ms
2019-08-26  09:08:15.482 [Thread-12] INFO  org.springframework.scheduling.concurrent.ThreadPoolTaskExecutor - Shutting down ExecutorService 'applicationTaskExecutor'
2019-08-26  09:08:20.681 [restartedMain] INFO  o.s.context.support.PostProcessorRegistrationDelegate$BeanPostProcessorChecker - Bean 'shiro' of type [com.jinglun.guard.shiro.Shiro$$EnhancerBySpringCGLIB$$6c904de3] is not eligible for getting processed by all BeanPostProcessors (for example: not eligible for auto-proxying)
2019-08-26  09:08:20.713 [restartedMain] INFO  o.s.context.support.PostProcessorRegistrationDelegate$BeanPostProcessorChecker - Bean 'userServiceImpl' of type [com.jinglun.guard.user.service.impl.UserServiceImpl] is not eligible for getting processed by all BeanPostProcessors (for example: not eligible for auto-proxying)
2019-08-26  09:08:20.713 [restartedMain] INFO  o.s.context.support.PostProcessorRegistrationDelegate$BeanPostProcessorChecker - Bean 'Realm' of type [com.jinglun.guard.shiro.Realm] is not eligible for getting processed by all BeanPostProcessors (for example: not eligible for auto-proxying)
2019-08-26  09:08:20.728 [restartedMain] INFO  o.s.context.support.PostProcessorRegistrationDelegate$BeanPostProcessorChecker - Bean 'securityManager' of type [org.apache.shiro.web.mgt.DefaultWebSecurityManager] is not eligible for getting processed by all BeanPostProcessors (for example: not eligible for auto-proxying)
2019-08-26  09:08:20.744 [restartedMain] INFO  o.s.context.support.PostProcessorRegistrationDelegate$BeanPostProcessorChecker - Bean 'authorizationAttributeSourceAdvisor' of type [org.apache.shiro.spring.security.interceptor.AuthorizationAttributeSourceAdvisor] is not eligible for getting processed by all BeanPostProcessors (for example: not eligible for auto-proxying)
2019-08-26  09:08:21.040 [restartedMain] INFO  org.springframework.boot.web.embedded.tomcat.TomcatWebServer - Tomcat initialized with port(s): 8443 (https) 8080 (http)
2019-08-26  09:08:21.072 [restartedMain] INFO  org.springframework.web.context.ContextLoader - Root WebApplicationContext: initialization completed in 1275 ms
2019-08-26  09:08:22.242 [restartedMain] INFO  org.springframework.scheduling.concurrent.ThreadPoolTaskExecutor - Initializing ExecutorService 'applicationTaskExecutor'
2019-08-26  09:08:23.210 [restartedMain] INFO  org.springframework.boot.devtools.autoconfigure.OptionalLiveReloadServer - LiveReload server is running on port 35729
2019-08-26  09:08:23.632 [restartedMain] INFO  org.springframework.boot.web.embedded.tomcat.TomcatWebServer - Tomcat started on port(s): 8443 (https) 8080 (http) with context path ''
2019-08-26  09:08:23.632 [restartedMain] INFO  o.s.boot.devtools.autoconfigure.ConditionEvaluationDeltaLoggingListener - Condition evaluation unchanged
2019-08-26  09:08:31.541 [https-jsse-nio-8443-exec-4] INFO  org.springframework.web.servlet.DispatcherServlet - Initializing Servlet 'dispatcherServlet'
2019-08-26  09:08:31.573 [https-jsse-nio-8443-exec-4] INFO  org.springframework.web.servlet.DispatcherServlet - Completed initialization in 32 ms
2019-08-26  09:08:31.667 [https-jsse-nio-8443-exec-4] ERROR o.s.boot.autoconfigure.web.servlet.error.ErrorMvcAutoConfiguration$StaticView - Cannot render error page for request [/device/showDevice] and exception [No message available] as the response has already been committed. As a result, the response may have the wrong status code.
2019-08-26  09:17:23.790 [https-jsse-nio-8443-exec-8] ERROR o.s.boot.autoconfigure.web.servlet.error.ErrorMvcAutoConfiguration$StaticView - Cannot render error page for request [/device/QueryTerm] and exception [An error happened during template parsing (template: "class path resource [templates/devicemanage/terminfo.html]")] as the response has already been committed. As a result, the response may have the wrong status code.
2019-08-26  09:18:09.249 [https-jsse-nio-8443-exec-3] ERROR o.s.boot.autoconfigure.web.servlet.error.ErrorMvcAutoConfiguration$StaticView - Cannot render error page for request [/device/QueryTerm] and exception [An error happened during template parsing (template: "class path resource [templates/devicemanage/terminfo.html]")] as the response has already been committed. As a result, the response may have the wrong status code.
2019-08-26  09:18:30.521 [https-jsse-nio-8443-exec-6] ERROR o.s.boot.autoconfigure.web.servlet.error.ErrorMvcAutoConfiguration$StaticView - Cannot render error page for request [/device/QueryTerm] and exception [An error happened during template parsing (template: "class path resource [templates/devicemanage/terminfo.html]")] as the response has already been committed. As a result, the response may have the wrong status code.
2019-08-26  09:19:57.056 [https-jsse-nio-8443-exec-6] ERROR o.s.boot.autoconfigure.web.servlet.error.ErrorMvcAutoConfiguration$StaticView - Cannot render error page for request [/device/QueryTerm] and exception [An error happened during template parsing (template: "class path resource [templates/devicemanage/terminfo.html]")] as the response has already been committed. As a result, the response may have the wrong status code.
2019-08-26  09:22:39.955 [https-jsse-nio-8443-exec-6] ERROR o.s.boot.autoconfigure.web.servlet.error.ErrorMvcAutoConfiguration$StaticView - Cannot render error page for request [/device/QueryTerm] and exception [An error happened during template parsing (template: "class path resource [templates/devicemanage/terminfo.html]")] as the response has already been committed. As a result, the response may have the wrong status code.
2019-08-26  09:29:48.238 [https-jsse-nio-8443-exec-2] ERROR o.s.boot.autoconfigure.web.servlet.error.ErrorMvcAutoConfiguration$StaticView - Cannot render error page for request [/device/QueryTerm] and exception [An error happened during template parsing (template: "class path resource [templates/devicemanage/terminfo.html]")] as the response has already been committed. As a result, the response may have the wrong status code.
2019-08-26  09:30:17.427 [https-jsse-nio-8443-exec-10] ERROR o.s.boot.autoconfigure.web.servlet.error.ErrorMvcAutoConfiguration$StaticView - Cannot render error page for request [/device/QueryTerm] and exception [An error happened during template parsing (template: "class path resource [templates/devicemanage/terminfo.html]")] as the response has already been committed. As a result, the response may have the wrong status code.
2019-08-26  09:31:28.581 [https-jsse-nio-8443-exec-4] ERROR o.s.boot.autoconfigure.web.servlet.error.ErrorMvcAutoConfiguration$StaticView - Cannot render error page for request [/device/QueryTerm] and exception [An error happened during template parsing (template: "class path resource [templates/devicemanage/terminfo.html]")] as the response has already been committed. As a result, the response may have the wrong status code.
2019-08-26  10:24:12.427 [https-jsse-nio-8443-exec-2] ERROR o.s.boot.autoconfigure.web.servlet.error.ErrorMvcAutoConfiguration$StaticView - Cannot render error page for request [/device/QueryTerm] and exception [An error happened during template parsing (template: "class path resource [templates/devicemanage/terminfo.html]")] as the response has already been committed. As a result, the response may have the wrong status code.
2019-08-26  10:26:21.685 [https-jsse-nio-8443-exec-9] ERROR o.s.boot.autoconfigure.web.servlet.error.ErrorMvcAutoConfiguration$StaticView - Cannot render error page for request [/device/QueryTerm] and exception [An error happened during template parsing (template: "class path resource [templates/devicemanage/terminfo.html]")] as the response has already been committed. As a result, the response may have the wrong status code.
2019-08-26  10:28:04.931 [https-jsse-nio-8443-exec-7] ERROR o.s.boot.autoconfigure.web.servlet.error.ErrorMvcAutoConfiguration$StaticView - Cannot render error page for request [/device/QueryTerm] and exception [An error happened during template parsing (template: "class path resource [templates/devicemanage/terminfo.html]")] as the response has already been committed. As a result, the response may have the wrong status code.
2019-08-26  10:28:28.066 [https-jsse-nio-8443-exec-8] ERROR o.s.boot.autoconfigure.web.servlet.error.ErrorMvcAutoConfiguration$StaticView - Cannot render error page for request [/device/QueryTerm] and exception [An error happened during template parsing (template: "class path resource [templates/devicemanage/terminfo.html]")] as the response has already been committed. As a result, the response may have the wrong status code.
2019-08-26  10:38:16.056 [https-jsse-nio-8443-exec-5] ERROR o.s.boot.autoconfigure.web.servlet.error.ErrorMvcAutoConfiguration$StaticView - Cannot render error page for request [/device/QueryTerm] and exception [An error happened during template parsing (template: "class path resource [templates/devicemanage/terminfo.html]")] as the response has already been committed. As a result, the response may have the wrong status code.
2019-08-26  10:48:00.530 [https-jsse-nio-8443-exec-4] ERROR o.s.boot.autoconfigure.web.servlet.error.ErrorMvcAutoConfiguration$StaticView - Cannot render error page for request [/device/QueryTerm] and exception [An error happened during template parsing (template: "class path resource [templates/devicemanage/terminfo.html]")] as the response has already been committed. As a result, the response may have the wrong status code.
2019-08-26  11:03:21.572 [https-jsse-nio-8443-exec-2] ERROR o.s.boot.autoconfigure.web.servlet.error.ErrorMvcAutoConfiguration$StaticView - Cannot render error page for request [/device/QueryTerm] and exception [An error happened during template parsing (template: "class path resource [templates/devicemanage/terminfo.html]" - line 221, col 171)] as the response has already been committed. As a result, the response may have the wrong status code.
2019-08-26  11:04:18.157 [https-jsse-nio-8443-exec-6] ERROR o.s.boot.autoconfigure.web.servlet.error.ErrorMvcAutoConfiguration$StaticView - Cannot render error page for request [/device/QueryTerm] and exception [An error happened during template parsing (template: "class path resource [templates/devicemanage/terminfo.html]")] as the response has already been committed. As a result, the response may have the wrong status code.
2019-08-26  15:46:26.246 [Thread-19] INFO  org.springframework.scheduling.concurrent.ThreadPoolTaskExecutor - Shutting down ExecutorService 'applicationTaskExecutor'
2019-08-26  15:46:54.868 [restartedMain] INFO  o.s.context.support.PostProcessorRegistrationDelegate$BeanPostProcessorChecker - Bean 'shiro' of type [com.jinglun.guard.shiro.Shiro$$EnhancerBySpringCGLIB$$6c904de3] is not eligible for getting processed by all BeanPostProcessors (for example: not eligible for auto-proxying)
2019-08-26  15:46:54.930 [restartedMain] INFO  o.s.context.support.PostProcessorRegistrationDelegate$BeanPostProcessorChecker - Bean 'userServiceImpl' of type [com.jinglun.guard.user.service.impl.UserServiceImpl] is not eligible for getting processed by all BeanPostProcessors (for example: not eligible for auto-proxying)
2019-08-26  15:46:54.930 [restartedMain] INFO  o.s.context.support.PostProcessorRegistrationDelegate$BeanPostProcessorChecker - Bean 'Realm' of type [com.jinglun.guard.shiro.Realm] is not eligible for getting processed by all BeanPostProcessors (for example: not eligible for auto-proxying)
2019-08-26  15:46:54.930 [restartedMain] INFO  o.s.context.support.PostProcessorRegistrationDelegate$BeanPostProcessorChecker - Bean 'securityManager' of type [org.apache.shiro.web.mgt.DefaultWebSecurityManager] is not eligible for getting processed by all BeanPostProcessors (for example: not eligible for auto-proxying)
2019-08-26  15:46:54.961 [restartedMain] INFO  o.s.context.support.PostProcessorRegistrationDelegate$BeanPostProcessorChecker - Bean 'authorizationAttributeSourceAdvisor' of type [org.apache.shiro.spring.security.interceptor.AuthorizationAttributeSourceAdvisor] is not eligible for getting processed by all BeanPostProcessors (for example: not eligible for auto-proxying)
2019-08-26  15:47:00.523 [restartedMain] INFO  org.springframework.boot.web.embedded.tomcat.TomcatWebServer - Tomcat initialized with port(s): 8443 (https) 8080 (http)
2019-08-26  15:47:00.680 [restartedMain] INFO  org.springframework.web.context.ContextLoader - Root WebApplicationContext: initialization completed in 9234 ms
2019-08-26  15:47:01.639 [restartedMain] INFO  org.springframework.scheduling.concurrent.ThreadPoolTaskExecutor - Initializing ExecutorService 'applicationTaskExecutor'
2019-08-26  15:47:02.231 [restartedMain] INFO  org.springframework.boot.devtools.autoconfigure.OptionalLiveReloadServer - LiveReload server is running on port 35729
2019-08-26  15:47:02.734 [restartedMain] INFO  org.springframework.boot.web.embedded.tomcat.TomcatWebServer - Tomcat started on port(s): 8443 (https) 8080 (http) with context path ''
2019-08-26  15:47:02.734 [restartedMain] INFO  o.s.boot.devtools.autoconfigure.ConditionEvaluationDeltaLoggingListener - Condition evaluation unchanged
2019-08-26  15:47:04.520 [https-jsse-nio-8443-exec-3] INFO  org.springframework.web.servlet.DispatcherServlet - Initializing Servlet 'dispatcherServlet'
2019-08-26  15:47:04.553 [https-jsse-nio-8443-exec-3] INFO  org.springframework.web.servlet.DispatcherServlet - Completed initialization in 33 ms
2019-08-26  15:52:00.513 [Thread-26] INFO  org.springframework.scheduling.concurrent.ThreadPoolTaskExecutor - Shutting down ExecutorService 'applicationTaskExecutor'
2019-08-26  15:52:01.909 [restartedMain] INFO  o.s.context.support.PostProcessorRegistrationDelegate$BeanPostProcessorChecker - Bean 'shiro' of type [com.jinglun.guard.shiro.Shiro$$EnhancerBySpringCGLIB$$6c904de3] is not eligible for getting processed by all BeanPostProcessors (for example: not eligible for auto-proxying)
2019-08-26  15:52:01.924 [restartedMain] INFO  o.s.context.support.PostProcessorRegistrationDelegate$BeanPostProcessorChecker - Bean 'userServiceImpl' of type [com.jinglun.guard.user.service.impl.UserServiceImpl] is not eligible for getting processed by all BeanPostProcessors (for example: not eligible for auto-proxying)
2019-08-26  15:52:01.924 [restartedMain] INFO  o.s.context.support.PostProcessorRegistrationDelegate$BeanPostProcessorChecker - Bean 'Realm' of type [com.jinglun.guard.shiro.Realm] is not eligible for getting processed by all BeanPostProcessors (for example: not eligible for auto-proxying)
2019-08-26  15:52:01.924 [restartedMain] INFO  o.s.context.support.PostProcessorRegistrationDelegate$BeanPostProcessorChecker - Bean 'securityManager' of type [org.apache.shiro.web.mgt.DefaultWebSecurityManager] is not eligible for getting processed by all BeanPostProcessors (for example: not eligible for auto-proxying)
2019-08-26  15:52:01.940 [restartedMain] INFO  o.s.context.support.PostProcessorRegistrationDelegate$BeanPostProcessorChecker - Bean 'authorizationAttributeSourceAdvisor' of type [org.apache.shiro.spring.security.interceptor.AuthorizationAttributeSourceAdvisor] is not eligible for getting processed by all BeanPostProcessors (for example: not eligible for auto-proxying)
2019-08-26  15:52:02.222 [restartedMain] INFO  org.springframework.boot.web.embedded.tomcat.TomcatWebServer - Tomcat initialized with port(s): 8443 (https) 8080 (http)
2019-08-26  15:52:02.253 [restartedMain] INFO  org.springframework.web.context.ContextLoader - Root WebApplicationContext: initialization completed in 1235 ms
2019-08-26  15:52:02.902 [restartedMain] INFO  org.springframework.scheduling.concurrent.ThreadPoolTaskExecutor - Initializing ExecutorService 'applicationTaskExecutor'
2019-08-26  15:52:03.568 [restartedMain] INFO  org.springframework.boot.devtools.autoconfigure.OptionalLiveReloadServer - LiveReload server is running on port 35729
2019-08-26  15:52:03.897 [restartedMain] INFO  org.springframework.boot.web.embedded.tomcat.TomcatWebServer - Tomcat started on port(s): 8443 (https) 8080 (http) with context path ''
2019-08-26  15:52:03.897 [restartedMain] INFO  o.s.boot.devtools.autoconfigure.ConditionEvaluationDeltaLoggingListener - Condition evaluation unchanged
2019-08-26  15:52:16.787 [https-jsse-nio-8443-exec-9] INFO  org.springframework.web.servlet.DispatcherServlet - Initializing Servlet 'dispatcherServlet'
2019-08-26  15:52:16.819 [https-jsse-nio-8443-exec-9] INFO  org.springframework.web.servlet.DispatcherServlet - Completed initialization in 32 ms
2019-08-26  16:01:16.816 [Thread-33] INFO  org.springframework.scheduling.concurrent.ThreadPoolTaskExecutor - Shutting down ExecutorService 'applicationTaskExecutor'
2019-08-26  16:01:19.278 [restartedMain] INFO  o.s.context.support.PostProcessorRegistrationDelegate$BeanPostProcessorChecker - Bean 'shiro' of type [com.jinglun.guard.shiro.Shiro$$EnhancerBySpringCGLIB$$6c904de3] is not eligible for getting processed by all BeanPostProcessors (for example: not eligible for auto-proxying)
2019-08-26  16:01:19.294 [restartedMain] INFO  o.s.context.support.PostProcessorRegistrationDelegate$BeanPostProcessorChecker - Bean 'userServiceImpl' of type [com.jinglun.guard.user.service.impl.UserServiceImpl] is not eligible for getting processed by all BeanPostProcessors (for example: not eligible for auto-proxying)
2019-08-26  16:01:19.294 [restartedMain] INFO  o.s.context.support.PostProcessorRegistrationDelegate$BeanPostProcessorChecker - Bean 'Realm' of type [com.jinglun.guard.shiro.Realm] is not eligible for getting processed by all BeanPostProcessors (for example: not eligible for auto-proxying)
2019-08-26  16:01:19.294 [restartedMain] INFO  o.s.context.support.PostProcessorRegistrationDelegate$BeanPostProcessorChecker - Bean 'securityManager' of type [org.apache.shiro.web.mgt.DefaultWebSecurityManager] is not eligible for getting processed by all BeanPostProcessors (for example: not eligible for auto-proxying)
2019-08-26  16:01:19.325 [restartedMain] INFO  o.s.context.support.PostProcessorRegistrationDelegate$BeanPostProcessorChecker - Bean 'authorizationAttributeSourceAdvisor' of type [org.apache.shiro.spring.security.interceptor.AuthorizationAttributeSourceAdvisor] is not eligible for getting processed by all BeanPostProcessors (for example: not eligible for auto-proxying)
2019-08-26  16:01:19.594 [restartedMain] INFO  org.springframework.boot.web.embedded.tomcat.TomcatWebServer - Tomcat initialized with port(s): 8443 (https) 8080 (http)
2019-08-26  16:01:19.672 [restartedMain] INFO  org.springframework.web.context.ContextLoader - Root WebApplicationContext: initialization completed in 1971 ms
2019-08-26  16:01:20.313 [restartedMain] INFO  org.springframework.scheduling.concurrent.ThreadPoolTaskExecutor - Initializing ExecutorService 'applicationTaskExecutor'
2019-08-26  16:01:20.893 [restartedMain] INFO  org.springframework.boot.devtools.autoconfigure.OptionalLiveReloadServer - LiveReload server is running on port 35729
2019-08-26  16:01:21.286 [restartedMain] INFO  org.springframework.boot.web.embedded.tomcat.TomcatWebServer - Tomcat started on port(s): 8443 (https) 8080 (http) with context path ''
2019-08-26  16:01:21.302 [restartedMain] INFO  o.s.boot.devtools.autoconfigure.ConditionEvaluationDeltaLoggingListener - Condition evaluation unchanged
2019-08-26  16:01:44.271 [https-jsse-nio-8443-exec-7] INFO  org.springframework.web.servlet.DispatcherServlet - Initializing Servlet 'dispatcherServlet'
2019-08-26  16:01:44.287 [https-jsse-nio-8443-exec-7] INFO  org.springframework.web.servlet.DispatcherServlet - Completed initialization in 16 ms
2019-08-26  16:02:34.080 [Thread-40] INFO  org.springframework.scheduling.concurrent.ThreadPoolTaskExecutor - Shutting down ExecutorService 'applicationTaskExecutor'
2019-08-26  16:02:35.533 [restartedMain] INFO  o.s.context.support.PostProcessorRegistrationDelegate$BeanPostProcessorChecker - Bean 'shiro' of type [com.jinglun.guard.shiro.Shiro$$EnhancerBySpringCGLIB$$6c904de3] is not eligible for getting processed by all BeanPostProcessors (for example: not eligible for auto-proxying)
2019-08-26  16:02:35.549 [restartedMain] INFO  o.s.context.support.PostProcessorRegistrationDelegate$BeanPostProcessorChecker - Bean 'userServiceImpl' of type [com.jinglun.guard.user.service.impl.UserServiceImpl] is not eligible for getting processed by all BeanPostProcessors (for example: not eligible for auto-proxying)
2019-08-26  16:02:35.549 [restartedMain] INFO  o.s.context.support.PostProcessorRegistrationDelegate$BeanPostProcessorChecker - Bean 'Realm' of type [com.jinglun.guard.shiro.Realm] is not eligible for getting processed by all BeanPostProcessors (for example: not eligible for auto-proxying)
2019-08-26  16:02:35.549 [restartedMain] INFO  o.s.context.support.PostProcessorRegistrationDelegate$BeanPostProcessorChecker - Bean 'securityManager' of type [org.apache.shiro.web.mgt.DefaultWebSecurityManager] is not eligible for getting processed by all BeanPostProcessors (for example: not eligible for auto-proxying)
2019-08-26  16:02:35.564 [restartedMain] INFO  o.s.context.support.PostProcessorRegistrationDelegate$BeanPostProcessorChecker - Bean 'authorizationAttributeSourceAdvisor' of type [org.apache.shiro.spring.security.interceptor.AuthorizationAttributeSourceAdvisor] is not eligible for getting processed by all BeanPostProcessors (for example: not eligible for auto-proxying)
2019-08-26  16:02:35.797 [restartedMain] INFO  org.springframework.boot.web.embedded.tomcat.TomcatWebServer - Tomcat initialized with port(s): 8443 (https) 8080 (http)
2019-08-26  16:02:35.843 [restartedMain] INFO  org.springframework.web.context.ContextLoader - Root WebApplicationContext: initialization completed in 1233 ms
2019-08-26  16:02:36.510 [restartedMain] INFO  org.springframework.scheduling.concurrent.ThreadPoolTaskExecutor - Initializing ExecutorService 'applicationTaskExecutor'
2019-08-26  16:02:37.038 [restartedMain] INFO  org.springframework.boot.devtools.autoconfigure.OptionalLiveReloadServer - LiveReload server is running on port 35729
2019-08-26  16:02:37.592 [restartedMain] INFO  org.springframework.boot.web.embedded.tomcat.TomcatWebServer - Tomcat started on port(s): 8443 (https) 8080 (http) with context path ''
2019-08-26  16:02:37.592 [restartedMain] INFO  o.s.boot.devtools.autoconfigure.ConditionEvaluationDeltaLoggingListener - Condition evaluation unchanged
2019-08-26  16:02:46.357 [https-jsse-nio-8443-exec-8] INFO  org.springframework.web.servlet.DispatcherServlet - Initializing Servlet 'dispatcherServlet'
2019-08-26  16:02:46.383 [https-jsse-nio-8443-exec-8] INFO  org.springframework.web.servlet.DispatcherServlet - Completed initialization in 26 ms
2019-08-26  16:03:41.793 [Thread-47] INFO  org.springframework.scheduling.concurrent.ThreadPoolTaskExecutor - Shutting down ExecutorService 'applicationTaskExecutor'
2019-08-26  16:04:04.859 [restartedMain] INFO  org.springframework.boot.devtools.env.DevToolsPropertyDefaultsPostProcessor - Devtools property defaults active! Set 'spring.devtools.add-properties' to 'false' to disable
2019-08-26  16:04:04.859 [restartedMain] INFO  org.springframework.boot.devtools.env.DevToolsPropertyDefaultsPostProcessor - For additional web related logging consider setting the 'logging.level.web' property to 'DEBUG'
2019-08-26  16:04:10.268 [restartedMain] INFO  o.s.context.support.PostProcessorRegistrationDelegate$BeanPostProcessorChecker - Bean 'shiro' of type [com.jinglun.guard.shiro.Shiro$$EnhancerBySpringCGLIB$$8f31d585] is not eligible for getting processed by all BeanPostProcessors (for example: not eligible for auto-proxying)
2019-08-26  16:04:14.047 [restartedMain] INFO  o.s.context.support.PostProcessorRegistrationDelegate$BeanPostProcessorChecker - Bean 'userServiceImpl' of type [com.jinglun.guard.user.service.impl.UserServiceImpl] is not eligible for getting processed by all BeanPostProcessors (for example: not eligible for auto-proxying)
2019-08-26  16:04:14.047 [restartedMain] INFO  o.s.context.support.PostProcessorRegistrationDelegate$BeanPostProcessorChecker - Bean 'Realm' of type [com.jinglun.guard.shiro.Realm] is not eligible for getting processed by all BeanPostProcessors (for example: not eligible for auto-proxying)
2019-08-26  16:04:14.047 [restartedMain] INFO  o.s.context.support.PostProcessorRegistrationDelegate$BeanPostProcessorChecker - Bean 'securityManager' of type [org.apache.shiro.web.mgt.DefaultWebSecurityManager] is not eligible for getting processed by all BeanPostProcessors (for example: not eligible for auto-proxying)
2019-08-26  16:04:14.188 [restartedMain] INFO  o.s.context.support.PostProcessorRegistrationDelegate$BeanPostProcessorChecker - Bean 'authorizationAttributeSourceAdvisor' of type [org.apache.shiro.spring.security.interceptor.AuthorizationAttributeSourceAdvisor] is not eligible for getting processed by all BeanPostProcessors (for example: not eligible for auto-proxying)
2019-08-26  16:04:16.070 [restartedMain] INFO  org.springframework.boot.web.embedded.tomcat.TomcatWebServer - Tomcat initialized with port(s): 8443 (https) 8080 (http)
2019-08-26  16:04:16.963 [restartedMain] INFO  org.springframework.web.context.ContextLoader - Root WebApplicationContext: initialization completed in 12104 ms
2019-08-26  16:04:18.876 [restartedMain] INFO  org.springframework.scheduling.concurrent.ThreadPoolTaskExecutor - Initializing ExecutorService 'applicationTaskExecutor'
2019-08-26  16:04:20.428 [restartedMain] INFO  org.springframework.boot.devtools.autoconfigure.OptionalLiveReloadServer - LiveReload server is running on port 35729
2019-08-26  16:04:21.355 [restartedMain] INFO  org.springframework.boot.web.embedded.tomcat.TomcatWebServer - Tomcat started on port(s): 8443 (https) 8080 (http) with context path ''
2019-08-26  16:04:44.280 [https-jsse-nio-8443-exec-4] INFO  org.springframework.web.servlet.DispatcherServlet - Initializing Servlet 'dispatcherServlet'
2019-08-26  16:04:44.311 [https-jsse-nio-8443-exec-4] INFO  org.springframework.web.servlet.DispatcherServlet - Completed initialization in 31 ms
2019-08-26  16:13:43.926 [Thread-7] INFO  org.springframework.scheduling.concurrent.ThreadPoolTaskExecutor - Shutting down ExecutorService 'applicationTaskExecutor'
2019-08-26  16:13:46.756 [restartedMain] INFO  o.s.context.support.PostProcessorRegistrationDelegate$BeanPostProcessorChecker - Bean 'shiro' of type [com.jinglun.guard.shiro.Shiro$$EnhancerBySpringCGLIB$$8f31d585] is not eligible for getting processed by all BeanPostProcessors (for example: not eligible for auto-proxying)
2019-08-26  16:13:46.787 [restartedMain] INFO  o.s.context.support.PostProcessorRegistrationDelegate$BeanPostProcessorChecker - Bean 'userServiceImpl' of type [com.jinglun.guard.user.service.impl.UserServiceImpl] is not eligible for getting processed by all BeanPostProcessors (for example: not eligible for auto-proxying)
2019-08-26  16:13:46.787 [restartedMain] INFO  o.s.context.support.PostProcessorRegistrationDelegate$BeanPostProcessorChecker - Bean 'Realm' of type [com.jinglun.guard.shiro.Realm] is not eligible for getting processed by all BeanPostProcessors (for example: not eligible for auto-proxying)
2019-08-26  16:13:46.787 [restartedMain] INFO  o.s.context.support.PostProcessorRegistrationDelegate$BeanPostProcessorChecker - Bean 'securityManager' of type [org.apache.shiro.web.mgt.DefaultWebSecurityManager] is not eligible for getting processed by all BeanPostProcessors (for example: not eligible for auto-proxying)
2019-08-26  16:13:46.802 [restartedMain] INFO  o.s.context.support.PostProcessorRegistrationDelegate$BeanPostProcessorChecker - Bean 'authorizationAttributeSourceAdvisor' of type [org.apache.shiro.spring.security.interceptor.AuthorizationAttributeSourceAdvisor] is not eligible for getting processed by all BeanPostProcessors (for example: not eligible for auto-proxying)
2019-08-26  16:13:47.036 [restartedMain] INFO  org.springframework.boot.web.embedded.tomcat.TomcatWebServer - Tomcat initialized with port(s): 8443 (https) 8080 (http)
2019-08-26  16:13:47.068 [restartedMain] INFO  org.springframework.web.context.ContextLoader - Root WebApplicationContext: initialization completed in 1113 ms
2019-08-26  16:13:47.695 [restartedMain] INFO  org.springframework.scheduling.concurrent.ThreadPoolTaskExecutor - Initializing ExecutorService 'applicationTaskExecutor'
2019-08-26  16:13:48.198 [restartedMain] INFO  org.springframework.boot.devtools.autoconfigure.OptionalLiveReloadServer - LiveReload server is running on port 35729
2019-08-26  16:13:48.526 [restartedMain] INFO  org.springframework.boot.web.embedded.tomcat.TomcatWebServer - Tomcat started on port(s): 8443 (https) 8080 (http) with context path ''
2019-08-26  16:13:48.526 [restartedMain] INFO  o.s.boot.devtools.autoconfigure.ConditionEvaluationDeltaLoggingListener - Condition evaluation unchanged
2019-08-26  16:13:58.278 [https-jsse-nio-8443-exec-10] INFO  org.springframework.web.servlet.DispatcherServlet - Initializing Servlet 'dispatcherServlet'
2019-08-26  16:13:58.295 [https-jsse-nio-8443-exec-10] INFO  org.springframework.web.servlet.DispatcherServlet - Completed initialization in 17 ms
2019-08-26  16:17:30.061 [Thread-12] INFO  org.springframework.scheduling.concurrent.ThreadPoolTaskExecutor - Shutting down ExecutorService 'applicationTaskExecutor'
2019-08-26  16:17:31.324 [restartedMain] INFO  o.s.context.support.PostProcessorRegistrationDelegate$BeanPostProcessorChecker - Bean 'shiro' of type [com.jinglun.guard.shiro.Shiro$$EnhancerBySpringCGLIB$$8f31d585] is not eligible for getting processed by all BeanPostProcessors (for example: not eligible for auto-proxying)
2019-08-26  16:17:31.356 [restartedMain] INFO  o.s.context.support.PostProcessorRegistrationDelegate$BeanPostProcessorChecker - Bean 'userServiceImpl' of type [com.jinglun.guard.user.service.impl.UserServiceImpl] is not eligible for getting processed by all BeanPostProcessors (for example: not eligible for auto-proxying)
2019-08-26  16:17:31.356 [restartedMain] INFO  o.s.context.support.PostProcessorRegistrationDelegate$BeanPostProcessorChecker - Bean 'Realm' of type [com.jinglun.guard.shiro.Realm] is not eligible for getting processed by all BeanPostProcessors (for example: not eligible for auto-proxying)
2019-08-26  16:17:31.371 [restartedMain] INFO  o.s.context.support.PostProcessorRegistrationDelegate$BeanPostProcessorChecker - Bean 'securityManager' of type [org.apache.shiro.web.mgt.DefaultWebSecurityManager] is not eligible for getting processed by all BeanPostProcessors (for example: not eligible for auto-proxying)
2019-08-26  16:17:31.434 [restartedMain] INFO  o.s.context.support.PostProcessorRegistrationDelegate$BeanPostProcessorChecker - Bean 'authorizationAttributeSourceAdvisor' of type [org.apache.shiro.spring.security.interceptor.AuthorizationAttributeSourceAdvisor] is not eligible for getting processed by all BeanPostProcessors (for example: not eligible for auto-proxying)
2019-08-26  16:17:31.661 [restartedMain] INFO  org.springframework.boot.web.embedded.tomcat.TomcatWebServer - Tomcat initialized with port(s): 8443 (https) 8080 (http)
2019-08-26  16:17:31.723 [restartedMain] INFO  org.springframework.web.context.ContextLoader - Root WebApplicationContext: initialization completed in 1230 ms
2019-08-26  16:17:32.372 [restartedMain] INFO  org.springframework.scheduling.concurrent.ThreadPoolTaskExecutor - Initializing ExecutorService 'applicationTaskExecutor'
2019-08-26  16:17:32.989 [restartedMain] INFO  org.springframework.boot.devtools.autoconfigure.OptionalLiveReloadServer - LiveReload server is running on port 35729
2019-08-26  16:17:33.330 [restartedMain] INFO  org.springframework.boot.web.embedded.tomcat.TomcatWebServer - Tomcat started on port(s): 8443 (https) 8080 (http) with context path ''
2019-08-26  16:17:33.346 [restartedMain] INFO  o.s.boot.devtools.autoconfigure.ConditionEvaluationDeltaLoggingListener - Condition evaluation unchanged
2019-08-26  16:17:47.975 [https-jsse-nio-8443-exec-5] INFO  org.springframework.web.servlet.DispatcherServlet - Initializing Servlet 'dispatcherServlet'
2019-08-26  16:17:47.991 [https-jsse-nio-8443-exec-5] INFO  org.springframework.web.servlet.DispatcherServlet - Completed initialization in 16 ms
2019-08-26  16:32:21.910 [restartedMain] INFO  org.springframework.boot.devtools.env.DevToolsPropertyDefaultsPostProcessor - Devtools property defaults active! Set 'spring.devtools.add-properties' to 'false' to disable
2019-08-26  16:32:21.911 [restartedMain] INFO  org.springframework.boot.devtools.env.DevToolsPropertyDefaultsPostProcessor - For additional web related logging consider setting the 'logging.level.web' property to 'DEBUG'
2019-08-26  16:32:26.079 [restartedMain] INFO  o.s.context.support.PostProcessorRegistrationDelegate$BeanPostProcessorChecker - Bean 'shiro' of type [com.jinglun.guard.shiro.Shiro$$EnhancerBySpringCGLIB$$f4d3f9ea] is not eligible for getting processed by all BeanPostProcessors (for example: not eligible for auto-proxying)
2019-08-26  16:32:26.530 [restartedMain] INFO  o.s.context.support.PostProcessorRegistrationDelegate$BeanPostProcessorChecker - Bean 'userServiceImpl' of type [com.jinglun.guard.user.service.impl.UserServiceImpl] is not eligible for getting processed by all BeanPostProcessors (for example: not eligible for auto-proxying)
2019-08-26  16:32:26.531 [restartedMain] INFO  o.s.context.support.PostProcessorRegistrationDelegate$BeanPostProcessorChecker - Bean 'Realm' of type [com.jinglun.guard.shiro.Realm] is not eligible for getting processed by all BeanPostProcessors (for example: not eligible for auto-proxying)
2019-08-26  16:32:26.533 [restartedMain] INFO  o.s.context.support.PostProcessorRegistrationDelegate$BeanPostProcessorChecker - Bean 'securityManager' of type [org.apache.shiro.web.mgt.DefaultWebSecurityManager] is not eligible for getting processed by all BeanPostProcessors (for example: not eligible for auto-proxying)
2019-08-26  16:32:26.635 [restartedMain] INFO  o.s.context.support.PostProcessorRegistrationDelegate$BeanPostProcessorChecker - Bean 'authorizationAttributeSourceAdvisor' of type [org.apache.shiro.spring.security.interceptor.AuthorizationAttributeSourceAdvisor] is not eligible for getting processed by all BeanPostProcessors (for example: not eligible for auto-proxying)
2019-08-26  16:32:27.989 [restartedMain] INFO  org.springframework.boot.web.embedded.tomcat.TomcatWebServer - Tomcat initialized with port(s): 8443 (https) 8080 (http)
2019-08-26  16:32:28.558 [restartedMain] INFO  org.springframework.web.context.ContextLoader - Root WebApplicationContext: initialization completed in 6647 ms
2019-08-26  16:32:30.019 [restartedMain] INFO  org.springframework.scheduling.concurrent.ThreadPoolTaskExecutor - Initializing ExecutorService 'applicationTaskExecutor'
2019-08-26  16:32:31.301 [restartedMain] INFO  org.springframework.boot.devtools.autoconfigure.OptionalLiveReloadServer - LiveReload server is running on port 35729
2019-08-26  16:32:31.875 [restartedMain] INFO  org.springframework.boot.web.embedded.tomcat.TomcatWebServer - Tomcat started on port(s): 8443 (https) 8080 (http) with context path ''
2019-08-26  16:32:36.900 [https-jsse-nio-8443-exec-6] INFO  org.springframework.web.servlet.DispatcherServlet - Initializing Servlet 'dispatcherServlet'
2019-08-26  16:32:36.932 [https-jsse-nio-8443-exec-6] INFO  org.springframework.web.servlet.DispatcherServlet - Completed initialization in 32 ms
2019-08-26  17:18:29.860 [https-jsse-nio-8443-exec-9] ERROR o.s.boot.autoconfigure.web.servlet.error.ErrorMvcAutoConfiguration$StaticView - Cannot render error page for request [/device/QueryTerm] and exception [An error happened during template parsing (template: "class path resource [templates/devicemanage/terminfos.html]")] as the response has already been committed. As a result, the response may have the wrong status code.
2019-08-26  17:34:22.701 [https-jsse-nio-8443-exec-6] ERROR o.s.boot.autoconfigure.web.servlet.error.ErrorMvcAutoConfiguration$StaticView - Cannot render error page for request [/device/QueryTerm] and exception [An error happened during template parsing (template: "class path resource [templates/devicemanage/terminfos.html]")] as the response has already been committed. As a result, the response may have the wrong status code.
