2019-09-05  08:41:45.604 [restartedMain] INFO  org.springframework.boot.devtools.env.DevToolsPropertyDefaultsPostProcessor - Devtools property defaults active! Set 'spring.devtools.add-properties' to 'false' to disable
2019-09-05  08:41:45.604 [restartedMain] INFO  org.springframework.boot.devtools.env.DevToolsPropertyDefaultsPostProcessor - For additional web related logging consider setting the 'logging.level.web' property to 'DEBUG'
2019-09-05  08:41:50.377 [restartedMain] INFO  o.s.context.support.PostProcessorRegistrationDelegate$BeanPostProcessorChecker - Bean 'shiro' of type [com.jinglun.guard.shiro.Shiro$$EnhancerBySpringCGLIB$$9a9008c1] is not eligible for getting processed by all BeanPostProcessors (for example: not eligible for auto-proxying)
2019-09-05  08:41:50.827 [restartedMain] INFO  o.s.context.support.PostProcessorRegistrationDelegate$BeanPostProcessorChecker - Bean 'userServiceImpl' of type [com.jinglun.guard.user.service.impl.UserServiceImpl] is not eligible for getting processed by all BeanPostProcessors (for example: not eligible for auto-proxying)
2019-09-05  08:41:50.828 [restartedMain] INFO  o.s.context.support.PostProcessorRegistrationDelegate$BeanPostProcessorChecker - Bean 'Realm' of type [com.jinglun.guard.shiro.Realm] is not eligible for getting processed by all BeanPostProcessors (for example: not eligible for auto-proxying)
2019-09-05  08:41:50.830 [restartedMain] INFO  o.s.context.support.PostProcessorRegistrationDelegate$BeanPostProcessorChecker - Bean 'securityManager' of type [org.apache.shiro.web.mgt.DefaultWebSecurityManager] is not eligible for getting processed by all BeanPostProcessors (for example: not eligible for auto-proxying)
2019-09-05  08:41:50.943 [restartedMain] INFO  o.s.context.support.PostProcessorRegistrationDelegate$BeanPostProcessorChecker - Bean 'authorizationAttributeSourceAdvisor' of type [org.apache.shiro.spring.security.interceptor.AuthorizationAttributeSourceAdvisor] is not eligible for getting processed by all BeanPostProcessors (for example: not eligible for auto-proxying)
2019-09-05  08:41:52.330 [restartedMain] INFO  org.springframework.boot.web.embedded.tomcat.TomcatWebServer - Tomcat initialized with port(s): 8443 (https) 8080 (http)
2019-09-05  08:41:52.973 [restartedMain] INFO  org.springframework.web.context.ContextLoader - Root WebApplicationContext: initialization completed in 7369 ms
2019-09-05  08:41:54.534 [restartedMain] INFO  org.springframework.scheduling.concurrent.ThreadPoolTaskExecutor - Initializing ExecutorService 'applicationTaskExecutor'
2019-09-05  08:41:55.892 [restartedMain] INFO  org.springframework.boot.devtools.autoconfigure.OptionalLiveReloadServer - LiveReload server is running on port 35729
2019-09-05  08:41:56.463 [restartedMain] INFO  org.springframework.boot.web.embedded.tomcat.TomcatWebServer - Tomcat started on port(s): 8443 (https) 8080 (http) with context path ''
2019-09-05  08:42:08.436 [https-jsse-nio-8443-exec-8] INFO  org.springframework.web.servlet.DispatcherServlet - Initializing Servlet 'dispatcherServlet'
2019-09-05  08:42:08.474 [https-jsse-nio-8443-exec-8] INFO  org.springframework.web.servlet.DispatcherServlet - Completed initialization in 38 ms
2019-09-05  10:29:40.240 [restartedMain] INFO  org.springframework.boot.devtools.env.DevToolsPropertyDefaultsPostProcessor - Devtools property defaults active! Set 'spring.devtools.add-properties' to 'false' to disable
2019-09-05  10:29:40.240 [restartedMain] INFO  org.springframework.boot.devtools.env.DevToolsPropertyDefaultsPostProcessor - For additional web related logging consider setting the 'logging.level.web' property to 'DEBUG'
2019-09-05  10:29:50.557 [restartedMain] INFO  o.s.context.support.PostProcessorRegistrationDelegate$BeanPostProcessorChecker - Bean 'shiro' of type [com.jinglun.guard.shiro.Shiro$$EnhancerBySpringCGLIB$$e255a1f2] is not eligible for getting processed by all BeanPostProcessors (for example: not eligible for auto-proxying)
2019-09-05  10:29:51.363 [restartedMain] INFO  o.s.context.support.PostProcessorRegistrationDelegate$BeanPostProcessorChecker - Bean 'userServiceImpl' of type [com.jinglun.guard.user.service.impl.UserServiceImpl] is not eligible for getting processed by all BeanPostProcessors (for example: not eligible for auto-proxying)
2019-09-05  10:29:51.364 [restartedMain] INFO  o.s.context.support.PostProcessorRegistrationDelegate$BeanPostProcessorChecker - Bean 'Realm' of type [com.jinglun.guard.shiro.Realm] is not eligible for getting processed by all BeanPostProcessors (for example: not eligible for auto-proxying)
2019-09-05  10:29:51.367 [restartedMain] INFO  o.s.context.support.PostProcessorRegistrationDelegate$BeanPostProcessorChecker - Bean 'securityManager' of type [org.apache.shiro.web.mgt.DefaultWebSecurityManager] is not eligible for getting processed by all BeanPostProcessors (for example: not eligible for auto-proxying)
2019-09-05  10:29:51.624 [restartedMain] INFO  o.s.context.support.PostProcessorRegistrationDelegate$BeanPostProcessorChecker - Bean 'authorizationAttributeSourceAdvisor' of type [org.apache.shiro.spring.security.interceptor.AuthorizationAttributeSourceAdvisor] is not eligible for getting processed by all BeanPostProcessors (for example: not eligible for auto-proxying)
2019-09-05  10:29:55.991 [restartedMain] INFO  org.springframework.boot.web.embedded.tomcat.TomcatWebServer - Tomcat initialized with port(s): 8443 (https) 8080 (http)
2019-09-05  10:29:56.668 [restartedMain] INFO  org.springframework.web.context.ContextLoader - Root WebApplicationContext: initialization completed in 16428 ms
2019-09-05  10:29:58.029 [restartedMain] INFO  org.springframework.scheduling.concurrent.ThreadPoolTaskExecutor - Initializing ExecutorService 'applicationTaskExecutor'
2019-09-05  10:29:59.345 [restartedMain] INFO  org.springframework.boot.devtools.autoconfigure.OptionalLiveReloadServer - LiveReload server is running on port 35729
2019-09-05  10:29:59.925 [restartedMain] INFO  org.springframework.boot.web.embedded.tomcat.TomcatWebServer - Tomcat started on port(s): 8443 (https) 8080 (http) with context path ''
2019-09-05  10:32:48.121 [https-jsse-nio-8443-exec-4] INFO  org.springframework.web.servlet.DispatcherServlet - Initializing Servlet 'dispatcherServlet'
2019-09-05  10:32:48.152 [https-jsse-nio-8443-exec-4] INFO  org.springframework.web.servlet.DispatcherServlet - Completed initialization in 30 ms
2019-09-05  13:23:19.072 [Thread-7] INFO  org.springframework.scheduling.concurrent.ThreadPoolTaskExecutor - Shutting down ExecutorService 'applicationTaskExecutor'
2019-09-05  13:23:21.540 [restartedMain] INFO  o.s.context.support.PostProcessorRegistrationDelegate$BeanPostProcessorChecker - Bean 'shiro' of type [com.jinglun.guard.shiro.Shiro$$EnhancerBySpringCGLIB$$e255a1f2] is not eligible for getting processed by all BeanPostProcessors (for example: not eligible for auto-proxying)
2019-09-05  13:23:21.587 [restartedMain] INFO  o.s.context.support.PostProcessorRegistrationDelegate$BeanPostProcessorChecker - Bean 'userServiceImpl' of type [com.jinglun.guard.user.service.impl.UserServiceImpl] is not eligible for getting processed by all BeanPostProcessors (for example: not eligible for auto-proxying)
2019-09-05  13:23:21.587 [restartedMain] INFO  o.s.context.support.PostProcessorRegistrationDelegate$BeanPostProcessorChecker - Bean 'Realm' of type [com.jinglun.guard.shiro.Realm] is not eligible for getting processed by all BeanPostProcessors (for example: not eligible for auto-proxying)
2019-09-05  13:23:21.587 [restartedMain] INFO  o.s.context.support.PostProcessorRegistrationDelegate$BeanPostProcessorChecker - Bean 'securityManager' of type [org.apache.shiro.web.mgt.DefaultWebSecurityManager] is not eligible for getting processed by all BeanPostProcessors (for example: not eligible for auto-proxying)
2019-09-05  13:23:21.603 [restartedMain] INFO  o.s.context.support.PostProcessorRegistrationDelegate$BeanPostProcessorChecker - Bean 'authorizationAttributeSourceAdvisor' of type [org.apache.shiro.spring.security.interceptor.AuthorizationAttributeSourceAdvisor] is not eligible for getting processed by all BeanPostProcessors (for example: not eligible for auto-proxying)
2019-09-05  13:23:22.040 [restartedMain] INFO  org.springframework.boot.web.embedded.tomcat.TomcatWebServer - Tomcat initialized with port(s): 8443 (https) 8080 (http)
2019-09-05  13:23:22.259 [restartedMain] INFO  org.springframework.web.context.ContextLoader - Root WebApplicationContext: initialization completed in 2217 ms
2019-09-05  13:23:24.210 [restartedMain] INFO  org.springframework.scheduling.concurrent.ThreadPoolTaskExecutor - Initializing ExecutorService 'applicationTaskExecutor'
2019-09-05  13:23:24.990 [restartedMain] INFO  org.springframework.boot.devtools.autoconfigure.OptionalLiveReloadServer - LiveReload server is running on port 35729
2019-09-05  13:23:25.630 [restartedMain] INFO  org.springframework.boot.web.embedded.tomcat.TomcatWebServer - Tomcat started on port(s): 8443 (https) 8080 (http) with context path ''
2019-09-05  13:23:25.630 [restartedMain] INFO  o.s.boot.devtools.autoconfigure.ConditionEvaluationDeltaLoggingListener - Condition evaluation unchanged
2019-09-05  13:23:27.799 [https-jsse-nio-8443-exec-4] INFO  org.springframework.web.servlet.DispatcherServlet - Initializing Servlet 'dispatcherServlet'
2019-09-05  13:23:27.799 [https-jsse-nio-8443-exec-4] INFO  org.springframework.web.servlet.DispatcherServlet - Completed initialization in 0 ms
2019-09-05  13:24:45.211 [Thread-12] INFO  org.springframework.scheduling.concurrent.ThreadPoolTaskExecutor - Shutting down ExecutorService 'applicationTaskExecutor'
2019-09-05  13:24:48.610 [restartedMain] INFO  o.s.context.support.PostProcessorRegistrationDelegate$BeanPostProcessorChecker - Bean 'shiro' of type [com.jinglun.guard.shiro.Shiro$$EnhancerBySpringCGLIB$$e255a1f2] is not eligible for getting processed by all BeanPostProcessors (for example: not eligible for auto-proxying)
2019-09-05  13:24:48.642 [restartedMain] INFO  o.s.context.support.PostProcessorRegistrationDelegate$BeanPostProcessorChecker - Bean 'userServiceImpl' of type [com.jinglun.guard.user.service.impl.UserServiceImpl] is not eligible for getting processed by all BeanPostProcessors (for example: not eligible for auto-proxying)
2019-09-05  13:24:48.642 [restartedMain] INFO  o.s.context.support.PostProcessorRegistrationDelegate$BeanPostProcessorChecker - Bean 'Realm' of type [com.jinglun.guard.shiro.Realm] is not eligible for getting processed by all BeanPostProcessors (for example: not eligible for auto-proxying)
2019-09-05  13:24:48.642 [restartedMain] INFO  o.s.context.support.PostProcessorRegistrationDelegate$BeanPostProcessorChecker - Bean 'securityManager' of type [org.apache.shiro.web.mgt.DefaultWebSecurityManager] is not eligible for getting processed by all BeanPostProcessors (for example: not eligible for auto-proxying)
2019-09-05  13:24:48.657 [restartedMain] INFO  o.s.context.support.PostProcessorRegistrationDelegate$BeanPostProcessorChecker - Bean 'authorizationAttributeSourceAdvisor' of type [org.apache.shiro.spring.security.interceptor.AuthorizationAttributeSourceAdvisor] is not eligible for getting processed by all BeanPostProcessors (for example: not eligible for auto-proxying)
2019-09-05  13:24:48.908 [restartedMain] INFO  org.springframework.boot.web.embedded.tomcat.TomcatWebServer - Tomcat initialized with port(s): 8443 (https) 8080 (http)
2019-09-05  13:24:49.001 [restartedMain] INFO  org.springframework.web.context.ContextLoader - Root WebApplicationContext: initialization completed in 2669 ms
2019-09-05  13:24:49.610 [restartedMain] INFO  org.springframework.scheduling.concurrent.ThreadPoolTaskExecutor - Initializing ExecutorService 'applicationTaskExecutor'
2019-09-05  13:24:50.327 [restartedMain] INFO  org.springframework.boot.devtools.autoconfigure.OptionalLiveReloadServer - LiveReload server is running on port 35729
2019-09-05  13:24:50.640 [restartedMain] INFO  org.springframework.boot.web.embedded.tomcat.TomcatWebServer - Tomcat started on port(s): 8443 (https) 8080 (http) with context path ''
2019-09-05  13:24:50.656 [restartedMain] INFO  o.s.boot.devtools.autoconfigure.ConditionEvaluationDeltaLoggingListener - Condition evaluation unchanged
2019-09-05  13:27:33.245 [Thread-19] INFO  org.springframework.scheduling.concurrent.ThreadPoolTaskExecutor - Shutting down ExecutorService 'applicationTaskExecutor'
2019-09-05  13:27:35.043 [restartedMain] INFO  o.s.context.support.PostProcessorRegistrationDelegate$BeanPostProcessorChecker - Bean 'shiro' of type [com.jinglun.guard.shiro.Shiro$$EnhancerBySpringCGLIB$$e255a1f2] is not eligible for getting processed by all BeanPostProcessors (for example: not eligible for auto-proxying)
2019-09-05  13:27:35.058 [restartedMain] INFO  o.s.context.support.PostProcessorRegistrationDelegate$BeanPostProcessorChecker - Bean 'userServiceImpl' of type [com.jinglun.guard.user.service.impl.UserServiceImpl] is not eligible for getting processed by all BeanPostProcessors (for example: not eligible for auto-proxying)
2019-09-05  13:27:35.058 [restartedMain] INFO  o.s.context.support.PostProcessorRegistrationDelegate$BeanPostProcessorChecker - Bean 'Realm' of type [com.jinglun.guard.shiro.Realm] is not eligible for getting processed by all BeanPostProcessors (for example: not eligible for auto-proxying)
2019-09-05  13:27:35.058 [restartedMain] INFO  o.s.context.support.PostProcessorRegistrationDelegate$BeanPostProcessorChecker - Bean 'securityManager' of type [org.apache.shiro.web.mgt.DefaultWebSecurityManager] is not eligible for getting processed by all BeanPostProcessors (for example: not eligible for auto-proxying)
2019-09-05  13:27:35.074 [restartedMain] INFO  o.s.context.support.PostProcessorRegistrationDelegate$BeanPostProcessorChecker - Bean 'authorizationAttributeSourceAdvisor' of type [org.apache.shiro.spring.security.interceptor.AuthorizationAttributeSourceAdvisor] is not eligible for getting processed by all BeanPostProcessors (for example: not eligible for auto-proxying)
2019-09-05  13:27:35.261 [restartedMain] INFO  org.springframework.boot.web.embedded.tomcat.TomcatWebServer - Tomcat initialized with port(s): 8443 (https) 8080 (http)
2019-09-05  13:27:35.605 [restartedMain] INFO  org.springframework.web.context.ContextLoader - Root WebApplicationContext: initialization completed in 1501 ms
2019-09-05  13:27:36.245 [restartedMain] INFO  org.springframework.scheduling.concurrent.ThreadPoolTaskExecutor - Initializing ExecutorService 'applicationTaskExecutor'
2019-09-05  13:27:36.807 [restartedMain] INFO  org.springframework.boot.devtools.autoconfigure.OptionalLiveReloadServer - LiveReload server is running on port 35729
2019-09-05  13:27:37.104 [restartedMain] INFO  org.springframework.boot.web.embedded.tomcat.TomcatWebServer - Tomcat started on port(s): 8443 (https) 8080 (http) with context path ''
2019-09-05  13:27:37.104 [restartedMain] INFO  o.s.boot.devtools.autoconfigure.ConditionEvaluationDeltaLoggingListener - Condition evaluation unchanged
2019-09-05  13:31:04.851 [https-jsse-nio-8443-exec-7] INFO  org.springframework.web.servlet.DispatcherServlet - Initializing Servlet 'dispatcherServlet'
2019-09-05  13:31:04.883 [https-jsse-nio-8443-exec-7] INFO  org.springframework.web.servlet.DispatcherServlet - Completed initialization in 32 ms
2019-09-05  13:34:21.100 [Thread-26] INFO  org.springframework.scheduling.concurrent.ThreadPoolTaskExecutor - Shutting down ExecutorService 'applicationTaskExecutor'
2019-09-05  13:34:43.390 [restartedMain] INFO  o.s.context.support.PostProcessorRegistrationDelegate$BeanPostProcessorChecker - Bean 'shiro' of type [com.jinglun.guard.shiro.Shiro$$EnhancerBySpringCGLIB$$e255a1f2] is not eligible for getting processed by all BeanPostProcessors (for example: not eligible for auto-proxying)
2019-09-05  13:34:43.405 [restartedMain] INFO  o.s.context.support.PostProcessorRegistrationDelegate$BeanPostProcessorChecker - Bean 'userServiceImpl' of type [com.jinglun.guard.user.service.impl.UserServiceImpl] is not eligible for getting processed by all BeanPostProcessors (for example: not eligible for auto-proxying)
2019-09-05  13:34:43.405 [restartedMain] INFO  o.s.context.support.PostProcessorRegistrationDelegate$BeanPostProcessorChecker - Bean 'Realm' of type [com.jinglun.guard.shiro.Realm] is not eligible for getting processed by all BeanPostProcessors (for example: not eligible for auto-proxying)
2019-09-05  13:34:43.405 [restartedMain] INFO  o.s.context.support.PostProcessorRegistrationDelegate$BeanPostProcessorChecker - Bean 'securityManager' of type [org.apache.shiro.web.mgt.DefaultWebSecurityManager] is not eligible for getting processed by all BeanPostProcessors (for example: not eligible for auto-proxying)
2019-09-05  13:34:43.421 [restartedMain] INFO  o.s.context.support.PostProcessorRegistrationDelegate$BeanPostProcessorChecker - Bean 'authorizationAttributeSourceAdvisor' of type [org.apache.shiro.spring.security.interceptor.AuthorizationAttributeSourceAdvisor] is not eligible for getting processed by all BeanPostProcessors (for example: not eligible for auto-proxying)
2019-09-05  13:34:43.765 [restartedMain] INFO  org.springframework.boot.web.embedded.tomcat.TomcatWebServer - Tomcat initialized with port(s): 8443 (https) 8080 (http)
2019-09-05  13:34:43.906 [restartedMain] INFO  org.springframework.web.context.ContextLoader - Root WebApplicationContext: initialization completed in 2420 ms
2019-09-05  13:34:51.318 [restartedMain] INFO  org.springframework.scheduling.concurrent.ThreadPoolTaskExecutor - Initializing ExecutorService 'applicationTaskExecutor'
2019-09-05  13:34:52.113 [restartedMain] INFO  org.springframework.boot.devtools.autoconfigure.OptionalLiveReloadServer - LiveReload server is running on port 35729
2019-09-05  13:34:52.489 [restartedMain] INFO  org.springframework.boot.web.embedded.tomcat.TomcatWebServer - Tomcat started on port(s): 8443 (https) 8080 (http) with context path ''
2019-09-05  13:34:52.489 [restartedMain] INFO  o.s.boot.devtools.autoconfigure.ConditionEvaluationDeltaLoggingListener - Condition evaluation unchanged
2019-09-05  13:35:04.688 [https-jsse-nio-8443-exec-8] INFO  org.springframework.web.servlet.DispatcherServlet - Initializing Servlet 'dispatcherServlet'
2019-09-05  13:35:04.736 [https-jsse-nio-8443-exec-8] INFO  org.springframework.web.servlet.DispatcherServlet - Completed initialization in 48 ms
2019-09-05  13:45:04.510 [restartedMain] INFO  org.springframework.boot.devtools.env.DevToolsPropertyDefaultsPostProcessor - Devtools property defaults active! Set 'spring.devtools.add-properties' to 'false' to disable
2019-09-05  13:45:04.510 [restartedMain] INFO  org.springframework.boot.devtools.env.DevToolsPropertyDefaultsPostProcessor - For additional web related logging consider setting the 'logging.level.web' property to 'DEBUG'
2019-09-05  13:45:07.225 [restartedMain] INFO  o.s.context.support.PostProcessorRegistrationDelegate$BeanPostProcessorChecker - Bean 'shiro' of type [com.jinglun.guard.shiro.Shiro$$EnhancerBySpringCGLIB$$1ddd6bac] is not eligible for getting processed by all BeanPostProcessors (for example: not eligible for auto-proxying)
2019-09-05  13:45:07.880 [restartedMain] INFO  o.s.context.support.PostProcessorRegistrationDelegate$BeanPostProcessorChecker - Bean 'userServiceImpl' of type [com.jinglun.guard.user.service.impl.UserServiceImpl] is not eligible for getting processed by all BeanPostProcessors (for example: not eligible for auto-proxying)
2019-09-05  13:45:07.880 [restartedMain] INFO  o.s.context.support.PostProcessorRegistrationDelegate$BeanPostProcessorChecker - Bean 'Realm' of type [com.jinglun.guard.shiro.Realm] is not eligible for getting processed by all BeanPostProcessors (for example: not eligible for auto-proxying)
2019-09-05  13:45:07.880 [restartedMain] INFO  o.s.context.support.PostProcessorRegistrationDelegate$BeanPostProcessorChecker - Bean 'securityManager' of type [org.apache.shiro.web.mgt.DefaultWebSecurityManager] is not eligible for getting processed by all BeanPostProcessors (for example: not eligible for auto-proxying)
2019-09-05  13:45:07.974 [restartedMain] INFO  o.s.context.support.PostProcessorRegistrationDelegate$BeanPostProcessorChecker - Bean 'authorizationAttributeSourceAdvisor' of type [org.apache.shiro.spring.security.interceptor.AuthorizationAttributeSourceAdvisor] is not eligible for getting processed by all BeanPostProcessors (for example: not eligible for auto-proxying)
2019-09-05  13:45:09.379 [restartedMain] INFO  org.springframework.boot.web.embedded.tomcat.TomcatWebServer - Tomcat initialized with port(s): 8443 (https) 8080 (http)
2019-09-05  13:45:10.096 [restartedMain] INFO  org.springframework.web.context.ContextLoader - Root WebApplicationContext: initialization completed in 5586 ms
2019-09-05  13:45:11.065 [restartedMain] INFO  org.springframework.scheduling.concurrent.ThreadPoolTaskExecutor - Initializing ExecutorService 'applicationTaskExecutor'
2019-09-05  13:45:12.110 [restartedMain] INFO  org.springframework.boot.devtools.autoconfigure.OptionalLiveReloadServer - LiveReload server is running on port 35729
2019-09-05  13:45:12.844 [restartedMain] INFO  org.springframework.boot.web.embedded.tomcat.TomcatWebServer - Tomcat started on port(s): 8443 (https) 8080 (http) with context path ''
2019-09-05  13:45:18.056 [https-jsse-nio-8443-exec-9] INFO  org.springframework.web.servlet.DispatcherServlet - Initializing Servlet 'dispatcherServlet'
2019-09-05  13:45:18.072 [https-jsse-nio-8443-exec-9] INFO  org.springframework.web.servlet.DispatcherServlet - Completed initialization in 16 ms
2019-09-05  13:54:34.574 [Thread-7] INFO  org.springframework.scheduling.concurrent.ThreadPoolTaskExecutor - Shutting down ExecutorService 'applicationTaskExecutor'
2019-09-05  13:54:43.047 [restartedMain] INFO  o.s.context.support.PostProcessorRegistrationDelegate$BeanPostProcessorChecker - Bean 'shiro' of type [com.jinglun.guard.shiro.Shiro$$EnhancerBySpringCGLIB$$1ddd6bac] is not eligible for getting processed by all BeanPostProcessors (for example: not eligible for auto-proxying)
2019-09-05  13:54:43.063 [restartedMain] INFO  o.s.context.support.PostProcessorRegistrationDelegate$BeanPostProcessorChecker - Bean 'userServiceImpl' of type [com.jinglun.guard.user.service.impl.UserServiceImpl] is not eligible for getting processed by all BeanPostProcessors (for example: not eligible for auto-proxying)
2019-09-05  13:54:43.063 [restartedMain] INFO  o.s.context.support.PostProcessorRegistrationDelegate$BeanPostProcessorChecker - Bean 'Realm' of type [com.jinglun.guard.shiro.Realm] is not eligible for getting processed by all BeanPostProcessors (for example: not eligible for auto-proxying)
2019-09-05  13:54:43.063 [restartedMain] INFO  o.s.context.support.PostProcessorRegistrationDelegate$BeanPostProcessorChecker - Bean 'securityManager' of type [org.apache.shiro.web.mgt.DefaultWebSecurityManager] is not eligible for getting processed by all BeanPostProcessors (for example: not eligible for auto-proxying)
2019-09-05  13:54:43.078 [restartedMain] INFO  o.s.context.support.PostProcessorRegistrationDelegate$BeanPostProcessorChecker - Bean 'authorizationAttributeSourceAdvisor' of type [org.apache.shiro.spring.security.interceptor.AuthorizationAttributeSourceAdvisor] is not eligible for getting processed by all BeanPostProcessors (for example: not eligible for auto-proxying)
2019-09-05  13:54:43.281 [restartedMain] INFO  org.springframework.boot.web.embedded.tomcat.TomcatWebServer - Tomcat initialized with port(s): 8443 (https) 8080 (http)
2019-09-05  13:54:43.297 [restartedMain] INFO  org.springframework.web.context.ContextLoader - Root WebApplicationContext: initialization completed in 922 ms
2019-09-05  13:54:43.848 [restartedMain] INFO  org.springframework.scheduling.concurrent.ThreadPoolTaskExecutor - Initializing ExecutorService 'applicationTaskExecutor'
2019-09-05  13:54:44.392 [restartedMain] INFO  org.springframework.boot.devtools.autoconfigure.OptionalLiveReloadServer - LiveReload server is running on port 35729
2019-09-05  13:54:44.689 [restartedMain] INFO  org.springframework.boot.web.embedded.tomcat.TomcatWebServer - Tomcat started on port(s): 8443 (https) 8080 (http) with context path ''
2019-09-05  13:54:44.704 [restartedMain] INFO  o.s.boot.devtools.autoconfigure.ConditionEvaluationDeltaLoggingListener - Condition evaluation unchanged
2019-09-05  13:58:53.645 [https-jsse-nio-8443-exec-8] INFO  org.springframework.web.servlet.DispatcherServlet - Initializing Servlet 'dispatcherServlet'
2019-09-05  13:58:53.662 [https-jsse-nio-8443-exec-8] INFO  org.springframework.web.servlet.DispatcherServlet - Completed initialization in 17 ms
2019-09-05  14:26:31.768 [restartedMain] INFO  org.springframework.boot.devtools.env.DevToolsPropertyDefaultsPostProcessor - Devtools property defaults active! Set 'spring.devtools.add-properties' to 'false' to disable
2019-09-05  14:26:31.768 [restartedMain] INFO  org.springframework.boot.devtools.env.DevToolsPropertyDefaultsPostProcessor - For additional web related logging consider setting the 'logging.level.web' property to 'DEBUG'
2019-09-05  14:26:34.156 [restartedMain] INFO  o.s.context.support.PostProcessorRegistrationDelegate$BeanPostProcessorChecker - Bean 'shiro' of type [com.jinglun.guard.shiro.Shiro$$EnhancerBySpringCGLIB$$7ef1c020] is not eligible for getting processed by all BeanPostProcessors (for example: not eligible for auto-proxying)
2019-09-05  14:26:34.748 [restartedMain] INFO  o.s.context.support.PostProcessorRegistrationDelegate$BeanPostProcessorChecker - Bean 'userServiceImpl' of type [com.jinglun.guard.user.service.impl.UserServiceImpl] is not eligible for getting processed by all BeanPostProcessors (for example: not eligible for auto-proxying)
2019-09-05  14:26:34.748 [restartedMain] INFO  o.s.context.support.PostProcessorRegistrationDelegate$BeanPostProcessorChecker - Bean 'Realm' of type [com.jinglun.guard.shiro.Realm] is not eligible for getting processed by all BeanPostProcessors (for example: not eligible for auto-proxying)
2019-09-05  14:26:34.748 [restartedMain] INFO  o.s.context.support.PostProcessorRegistrationDelegate$BeanPostProcessorChecker - Bean 'securityManager' of type [org.apache.shiro.web.mgt.DefaultWebSecurityManager] is not eligible for getting processed by all BeanPostProcessors (for example: not eligible for auto-proxying)
2019-09-05  14:26:34.842 [restartedMain] INFO  o.s.context.support.PostProcessorRegistrationDelegate$BeanPostProcessorChecker - Bean 'authorizationAttributeSourceAdvisor' of type [org.apache.shiro.spring.security.interceptor.AuthorizationAttributeSourceAdvisor] is not eligible for getting processed by all BeanPostProcessors (for example: not eligible for auto-proxying)
2019-09-05  14:26:36.200 [restartedMain] INFO  org.springframework.boot.web.embedded.tomcat.TomcatWebServer - Tomcat initialized with port(s): 8443 (https) 8080 (http)
2019-09-05  14:26:36.933 [restartedMain] INFO  org.springframework.web.context.ContextLoader - Root WebApplicationContext: initialization completed in 5165 ms
2019-09-05  14:26:37.902 [restartedMain] INFO  org.springframework.scheduling.concurrent.ThreadPoolTaskExecutor - Initializing ExecutorService 'applicationTaskExecutor'
2019-09-05  14:26:38.994 [restartedMain] INFO  org.springframework.boot.devtools.autoconfigure.OptionalLiveReloadServer - LiveReload server is running on port 35729
2019-09-05  14:26:39.790 [restartedMain] INFO  org.springframework.boot.web.embedded.tomcat.TomcatWebServer - Tomcat started on port(s): 8443 (https) 8080 (http) with context path ''
2019-09-05  14:26:43.911 [https-jsse-nio-8443-exec-3] INFO  org.springframework.web.servlet.DispatcherServlet - Initializing Servlet 'dispatcherServlet'
2019-09-05  14:26:43.926 [https-jsse-nio-8443-exec-3] INFO  org.springframework.web.servlet.DispatcherServlet - Completed initialization in 15 ms
2019-09-05  14:38:53.183 [restartedMain] INFO  org.springframework.boot.devtools.env.DevToolsPropertyDefaultsPostProcessor - Devtools property defaults active! Set 'spring.devtools.add-properties' to 'false' to disable
2019-09-05  14:38:53.183 [restartedMain] INFO  org.springframework.boot.devtools.env.DevToolsPropertyDefaultsPostProcessor - For additional web related logging consider setting the 'logging.level.web' property to 'DEBUG'
2019-09-05  14:38:55.025 [restartedMain] INFO  o.s.context.support.PostProcessorRegistrationDelegate$BeanPostProcessorChecker - Bean 'shiro' of type [com.jinglun.guard.shiro.Shiro$$EnhancerBySpringCGLIB$$50122325] is not eligible for getting processed by all BeanPostProcessors (for example: not eligible for auto-proxying)
2019-09-05  14:38:55.493 [restartedMain] INFO  o.s.context.support.PostProcessorRegistrationDelegate$BeanPostProcessorChecker - Bean 'userServiceImpl' of type [com.jinglun.guard.user.service.impl.UserServiceImpl] is not eligible for getting processed by all BeanPostProcessors (for example: not eligible for auto-proxying)
2019-09-05  14:38:55.493 [restartedMain] INFO  o.s.context.support.PostProcessorRegistrationDelegate$BeanPostProcessorChecker - Bean 'Realm' of type [com.jinglun.guard.shiro.Realm] is not eligible for getting processed by all BeanPostProcessors (for example: not eligible for auto-proxying)
2019-09-05  14:38:55.493 [restartedMain] INFO  o.s.context.support.PostProcessorRegistrationDelegate$BeanPostProcessorChecker - Bean 'securityManager' of type [org.apache.shiro.web.mgt.DefaultWebSecurityManager] is not eligible for getting processed by all BeanPostProcessors (for example: not eligible for auto-proxying)
2019-09-05  14:38:55.586 [restartedMain] INFO  o.s.context.support.PostProcessorRegistrationDelegate$BeanPostProcessorChecker - Bean 'authorizationAttributeSourceAdvisor' of type [org.apache.shiro.spring.security.interceptor.AuthorizationAttributeSourceAdvisor] is not eligible for getting processed by all BeanPostProcessors (for example: not eligible for auto-proxying)
2019-09-05  14:38:56.383 [restartedMain] INFO  org.springframework.boot.web.embedded.tomcat.TomcatWebServer - Tomcat initialized with port(s): 8443 (https) 8080 (http)
2019-09-05  14:38:56.664 [restartedMain] INFO  org.springframework.web.context.ContextLoader - Root WebApplicationContext: initialization completed in 3481 ms
2019-09-05  14:38:57.584 [restartedMain] INFO  org.springframework.scheduling.concurrent.ThreadPoolTaskExecutor - Initializing ExecutorService 'applicationTaskExecutor'
2019-09-05  14:38:58.692 [restartedMain] INFO  org.springframework.boot.devtools.autoconfigure.OptionalLiveReloadServer - LiveReload server is running on port 35729
2019-09-05  14:38:59.161 [restartedMain] INFO  org.springframework.boot.web.embedded.tomcat.TomcatWebServer - Tomcat started on port(s): 8443 (https) 8080 (http) with context path ''
2019-09-05  14:39:03.483 [https-jsse-nio-8443-exec-2] INFO  org.springframework.web.servlet.DispatcherServlet - Initializing Servlet 'dispatcherServlet'
2019-09-05  14:39:03.498 [https-jsse-nio-8443-exec-2] INFO  org.springframework.web.servlet.DispatcherServlet - Completed initialization in 15 ms
2019-09-05  14:53:02.945 [restartedMain] INFO  org.springframework.boot.devtools.env.DevToolsPropertyDefaultsPostProcessor - Devtools property defaults active! Set 'spring.devtools.add-properties' to 'false' to disable
2019-09-05  14:53:02.945 [restartedMain] INFO  org.springframework.boot.devtools.env.DevToolsPropertyDefaultsPostProcessor - For additional web related logging consider setting the 'logging.level.web' property to 'DEBUG'
2019-09-05  14:53:04.902 [restartedMain] INFO  o.s.context.support.PostProcessorRegistrationDelegate$BeanPostProcessorChecker - Bean 'shiro' of type [com.jinglun.guard.shiro.Shiro$$EnhancerBySpringCGLIB$$f025da42] is not eligible for getting processed by all BeanPostProcessors (for example: not eligible for auto-proxying)
2019-09-05  14:53:05.339 [restartedMain] INFO  o.s.context.support.PostProcessorRegistrationDelegate$BeanPostProcessorChecker - Bean 'userServiceImpl' of type [com.jinglun.guard.user.service.impl.UserServiceImpl] is not eligible for getting processed by all BeanPostProcessors (for example: not eligible for auto-proxying)
2019-09-05  14:53:05.339 [restartedMain] INFO  o.s.context.support.PostProcessorRegistrationDelegate$BeanPostProcessorChecker - Bean 'Realm' of type [com.jinglun.guard.shiro.Realm] is not eligible for getting processed by all BeanPostProcessors (for example: not eligible for auto-proxying)
2019-09-05  14:53:05.339 [restartedMain] INFO  o.s.context.support.PostProcessorRegistrationDelegate$BeanPostProcessorChecker - Bean 'securityManager' of type [org.apache.shiro.web.mgt.DefaultWebSecurityManager] is not eligible for getting processed by all BeanPostProcessors (for example: not eligible for auto-proxying)
2019-09-05  14:53:05.448 [restartedMain] INFO  o.s.context.support.PostProcessorRegistrationDelegate$BeanPostProcessorChecker - Bean 'authorizationAttributeSourceAdvisor' of type [org.apache.shiro.spring.security.interceptor.AuthorizationAttributeSourceAdvisor] is not eligible for getting processed by all BeanPostProcessors (for example: not eligible for auto-proxying)
2019-09-05  14:53:06.213 [restartedMain] INFO  org.springframework.boot.web.embedded.tomcat.TomcatWebServer - Tomcat initialized with port(s): 8443 (https) 8080 (http)
2019-09-05  14:53:06.478 [restartedMain] INFO  org.springframework.web.context.ContextLoader - Root WebApplicationContext: initialization completed in 3533 ms
2019-09-05  14:53:07.305 [restartedMain] INFO  org.springframework.scheduling.concurrent.ThreadPoolTaskExecutor - Initializing ExecutorService 'applicationTaskExecutor'
2019-09-05  14:53:08.379 [restartedMain] INFO  org.springframework.boot.devtools.autoconfigure.OptionalLiveReloadServer - LiveReload server is running on port 35729
2019-09-05  14:53:08.836 [restartedMain] INFO  org.springframework.boot.web.embedded.tomcat.TomcatWebServer - Tomcat started on port(s): 8443 (https) 8080 (http) with context path ''
2019-09-05  14:53:28.060 [https-jsse-nio-8443-exec-2] INFO  org.springframework.web.servlet.DispatcherServlet - Initializing Servlet 'dispatcherServlet'
2019-09-05  14:53:28.106 [https-jsse-nio-8443-exec-2] INFO  org.springframework.web.servlet.DispatcherServlet - Completed initialization in 46 ms
2019-09-05  14:59:50.323 [Thread-7] INFO  org.springframework.scheduling.concurrent.ThreadPoolTaskExecutor - Shutting down ExecutorService 'applicationTaskExecutor'
2019-09-05  14:59:59.288 [restartedMain] INFO  o.s.context.support.PostProcessorRegistrationDelegate$BeanPostProcessorChecker - Bean 'shiro' of type [com.jinglun.guard.shiro.Shiro$$EnhancerBySpringCGLIB$$f025da42] is not eligible for getting processed by all BeanPostProcessors (for example: not eligible for auto-proxying)
2019-09-05  14:59:59.319 [restartedMain] INFO  o.s.context.support.PostProcessorRegistrationDelegate$BeanPostProcessorChecker - Bean 'userServiceImpl' of type [com.jinglun.guard.user.service.impl.UserServiceImpl] is not eligible for getting processed by all BeanPostProcessors (for example: not eligible for auto-proxying)
2019-09-05  14:59:59.319 [restartedMain] INFO  o.s.context.support.PostProcessorRegistrationDelegate$BeanPostProcessorChecker - Bean 'Realm' of type [com.jinglun.guard.shiro.Realm] is not eligible for getting processed by all BeanPostProcessors (for example: not eligible for auto-proxying)
2019-09-05  14:59:59.319 [restartedMain] INFO  o.s.context.support.PostProcessorRegistrationDelegate$BeanPostProcessorChecker - Bean 'securityManager' of type [org.apache.shiro.web.mgt.DefaultWebSecurityManager] is not eligible for getting processed by all BeanPostProcessors (for example: not eligible for auto-proxying)
2019-09-05  14:59:59.335 [restartedMain] INFO  o.s.context.support.PostProcessorRegistrationDelegate$BeanPostProcessorChecker - Bean 'authorizationAttributeSourceAdvisor' of type [org.apache.shiro.spring.security.interceptor.AuthorizationAttributeSourceAdvisor] is not eligible for getting processed by all BeanPostProcessors (for example: not eligible for auto-proxying)
2019-09-05  14:59:59.538 [restartedMain] INFO  org.springframework.boot.web.embedded.tomcat.TomcatWebServer - Tomcat initialized with port(s): 8443 (https) 8080 (http)
2019-09-05  14:59:59.570 [restartedMain] INFO  org.springframework.web.context.ContextLoader - Root WebApplicationContext: initialization completed in 1182 ms
2019-09-05  15:00:00.147 [restartedMain] INFO  org.springframework.scheduling.concurrent.ThreadPoolTaskExecutor - Initializing ExecutorService 'applicationTaskExecutor'
2019-09-05  15:00:00.740 [restartedMain] INFO  org.springframework.boot.devtools.autoconfigure.OptionalLiveReloadServer - LiveReload server is running on port 35729
2019-09-05  15:00:01.004 [restartedMain] INFO  org.springframework.boot.web.embedded.tomcat.TomcatWebServer - Tomcat started on port(s): 8443 (https) 8080 (http) with context path ''
2019-09-05  15:00:01.019 [restartedMain] INFO  o.s.boot.devtools.autoconfigure.ConditionEvaluationDeltaLoggingListener - Condition evaluation unchanged
2019-09-05  15:02:43.696 [Thread-12] INFO  org.springframework.scheduling.concurrent.ThreadPoolTaskExecutor - Shutting down ExecutorService 'applicationTaskExecutor'
2019-09-05  15:02:45.432 [restartedMain] INFO  o.s.context.support.PostProcessorRegistrationDelegate$BeanPostProcessorChecker - Bean 'shiro' of type [com.jinglun.guard.shiro.Shiro$$EnhancerBySpringCGLIB$$f025da42] is not eligible for getting processed by all BeanPostProcessors (for example: not eligible for auto-proxying)
2019-09-05  15:02:45.463 [restartedMain] INFO  o.s.context.support.PostProcessorRegistrationDelegate$BeanPostProcessorChecker - Bean 'userServiceImpl' of type [com.jinglun.guard.user.service.impl.UserServiceImpl] is not eligible for getting processed by all BeanPostProcessors (for example: not eligible for auto-proxying)
2019-09-05  15:02:45.463 [restartedMain] INFO  o.s.context.support.PostProcessorRegistrationDelegate$BeanPostProcessorChecker - Bean 'Realm' of type [com.jinglun.guard.shiro.Realm] is not eligible for getting processed by all BeanPostProcessors (for example: not eligible for auto-proxying)
2019-09-05  15:02:45.463 [restartedMain] INFO  o.s.context.support.PostProcessorRegistrationDelegate$BeanPostProcessorChecker - Bean 'securityManager' of type [org.apache.shiro.web.mgt.DefaultWebSecurityManager] is not eligible for getting processed by all BeanPostProcessors (for example: not eligible for auto-proxying)
2019-09-05  15:02:45.494 [restartedMain] INFO  o.s.context.support.PostProcessorRegistrationDelegate$BeanPostProcessorChecker - Bean 'authorizationAttributeSourceAdvisor' of type [org.apache.shiro.spring.security.interceptor.AuthorizationAttributeSourceAdvisor] is not eligible for getting processed by all BeanPostProcessors (for example: not eligible for auto-proxying)
2019-09-05  15:02:45.806 [restartedMain] INFO  org.springframework.boot.web.embedded.tomcat.TomcatWebServer - Tomcat initialized with port(s): 8443 (https) 8080 (http)
2019-09-05  15:02:46.072 [restartedMain] INFO  org.springframework.web.context.ContextLoader - Root WebApplicationContext: initialization completed in 1674 ms
2019-09-05  15:02:47.476 [restartedMain] INFO  org.springframework.scheduling.concurrent.ThreadPoolTaskExecutor - Initializing ExecutorService 'applicationTaskExecutor'
2019-09-05  15:02:48.241 [restartedMain] INFO  org.springframework.boot.devtools.autoconfigure.OptionalLiveReloadServer - LiveReload server is running on port 35729
2019-09-05  15:02:48.809 [restartedMain] INFO  org.springframework.boot.web.embedded.tomcat.TomcatWebServer - Tomcat started on port(s): 8443 (https) 8080 (http) with context path ''
2019-09-05  15:02:48.809 [restartedMain] INFO  o.s.boot.devtools.autoconfigure.ConditionEvaluationDeltaLoggingListener - Condition evaluation unchanged
2019-09-05  15:02:49.340 [https-jsse-nio-8443-exec-8] INFO  org.springframework.web.servlet.DispatcherServlet - Initializing Servlet 'dispatcherServlet'
2019-09-05  15:02:49.516 [https-jsse-nio-8443-exec-8] INFO  org.springframework.web.servlet.DispatcherServlet - Completed initialization in 64 ms
2019-09-05  15:09:15.251 [Thread-19] INFO  org.springframework.scheduling.concurrent.ThreadPoolTaskExecutor - Shutting down ExecutorService 'applicationTaskExecutor'
2019-09-05  15:09:17.792 [restartedMain] INFO  o.s.context.support.PostProcessorRegistrationDelegate$BeanPostProcessorChecker - Bean 'shiro' of type [com.jinglun.guard.shiro.Shiro$$EnhancerBySpringCGLIB$$f025da42] is not eligible for getting processed by all BeanPostProcessors (for example: not eligible for auto-proxying)
2019-09-05  15:09:17.854 [restartedMain] INFO  o.s.context.support.PostProcessorRegistrationDelegate$BeanPostProcessorChecker - Bean 'userServiceImpl' of type [com.jinglun.guard.user.service.impl.UserServiceImpl] is not eligible for getting processed by all BeanPostProcessors (for example: not eligible for auto-proxying)
2019-09-05  15:09:17.870 [restartedMain] INFO  o.s.context.support.PostProcessorRegistrationDelegate$BeanPostProcessorChecker - Bean 'Realm' of type [com.jinglun.guard.shiro.Realm] is not eligible for getting processed by all BeanPostProcessors (for example: not eligible for auto-proxying)
2019-09-05  15:09:17.870 [restartedMain] INFO  o.s.context.support.PostProcessorRegistrationDelegate$BeanPostProcessorChecker - Bean 'securityManager' of type [org.apache.shiro.web.mgt.DefaultWebSecurityManager] is not eligible for getting processed by all BeanPostProcessors (for example: not eligible for auto-proxying)
2019-09-05  15:09:17.885 [restartedMain] INFO  o.s.context.support.PostProcessorRegistrationDelegate$BeanPostProcessorChecker - Bean 'authorizationAttributeSourceAdvisor' of type [org.apache.shiro.spring.security.interceptor.AuthorizationAttributeSourceAdvisor] is not eligible for getting processed by all BeanPostProcessors (for example: not eligible for auto-proxying)
2019-09-05  15:09:18.213 [restartedMain] INFO  org.springframework.boot.web.embedded.tomcat.TomcatWebServer - Tomcat initialized with port(s): 8443 (https) 8080 (http)
2019-09-05  15:09:18.261 [restartedMain] INFO  org.springframework.web.context.ContextLoader - Root WebApplicationContext: initialization completed in 1792 ms
2019-09-05  15:09:19.847 [restartedMain] INFO  org.springframework.scheduling.concurrent.ThreadPoolTaskExecutor - Initializing ExecutorService 'applicationTaskExecutor'
2019-09-05  15:09:20.658 [restartedMain] INFO  org.springframework.boot.devtools.autoconfigure.OptionalLiveReloadServer - LiveReload server is running on port 35729
2019-09-05  15:09:21.050 [restartedMain] INFO  org.springframework.boot.web.embedded.tomcat.TomcatWebServer - Tomcat started on port(s): 8443 (https) 8080 (http) with context path ''
2019-09-05  15:09:21.050 [restartedMain] INFO  o.s.boot.devtools.autoconfigure.ConditionEvaluationDeltaLoggingListener - Condition evaluation unchanged
2019-09-05  15:09:21.970 [https-jsse-nio-8443-exec-9] INFO  org.springframework.web.servlet.DispatcherServlet - Initializing Servlet 'dispatcherServlet'
2019-09-05  15:09:22.002 [https-jsse-nio-8443-exec-9] INFO  org.springframework.web.servlet.DispatcherServlet - Completed initialization in 32 ms
2019-09-05  15:16:54.042 [Thread-26] INFO  org.springframework.scheduling.concurrent.ThreadPoolTaskExecutor - Shutting down ExecutorService 'applicationTaskExecutor'
2019-09-05  15:17:04.621 [restartedMain] INFO  o.s.context.support.PostProcessorRegistrationDelegate$BeanPostProcessorChecker - Bean 'shiro' of type [com.jinglun.guard.shiro.Shiro$$EnhancerBySpringCGLIB$$f025da42] is not eligible for getting processed by all BeanPostProcessors (for example: not eligible for auto-proxying)
2019-09-05  15:17:04.683 [restartedMain] INFO  o.s.context.support.PostProcessorRegistrationDelegate$BeanPostProcessorChecker - Bean 'userServiceImpl' of type [com.jinglun.guard.user.service.impl.UserServiceImpl] is not eligible for getting processed by all BeanPostProcessors (for example: not eligible for auto-proxying)
2019-09-05  15:17:04.683 [restartedMain] INFO  o.s.context.support.PostProcessorRegistrationDelegate$BeanPostProcessorChecker - Bean 'Realm' of type [com.jinglun.guard.shiro.Realm] is not eligible for getting processed by all BeanPostProcessors (for example: not eligible for auto-proxying)
2019-09-05  15:17:04.683 [restartedMain] INFO  o.s.context.support.PostProcessorRegistrationDelegate$BeanPostProcessorChecker - Bean 'securityManager' of type [org.apache.shiro.web.mgt.DefaultWebSecurityManager] is not eligible for getting processed by all BeanPostProcessors (for example: not eligible for auto-proxying)
2019-09-05  15:17:04.699 [restartedMain] INFO  o.s.context.support.PostProcessorRegistrationDelegate$BeanPostProcessorChecker - Bean 'authorizationAttributeSourceAdvisor' of type [org.apache.shiro.spring.security.interceptor.AuthorizationAttributeSourceAdvisor] is not eligible for getting processed by all BeanPostProcessors (for example: not eligible for auto-proxying)
2019-09-05  15:17:06.135 [restartedMain] INFO  org.springframework.boot.web.embedded.tomcat.TomcatWebServer - Tomcat initialized with port(s): 8443 (https) 8080 (http)
2019-09-05  15:17:06.291 [restartedMain] INFO  org.springframework.web.context.ContextLoader - Root WebApplicationContext: initialization completed in 3356 ms
2019-09-05  15:17:08.336 [restartedMain] INFO  org.springframework.scheduling.concurrent.ThreadPoolTaskExecutor - Initializing ExecutorService 'applicationTaskExecutor'
2019-09-05  15:17:09.178 [restartedMain] INFO  org.springframework.boot.devtools.autoconfigure.OptionalLiveReloadServer - LiveReload server is running on port 35729
2019-09-05  15:17:09.569 [restartedMain] INFO  org.springframework.boot.web.embedded.tomcat.TomcatWebServer - Tomcat started on port(s): 8443 (https) 8080 (http) with context path ''
2019-09-05  15:17:09.585 [restartedMain] INFO  o.s.boot.devtools.autoconfigure.ConditionEvaluationDeltaLoggingListener - Condition evaluation unchanged
2019-09-05  15:17:20.677 [https-jsse-nio-8443-exec-4] INFO  org.springframework.web.servlet.DispatcherServlet - Initializing Servlet 'dispatcherServlet'
2019-09-05  15:17:20.725 [https-jsse-nio-8443-exec-4] INFO  org.springframework.web.servlet.DispatcherServlet - Completed initialization in 48 ms
2019-09-05  15:18:03.011 [https-jsse-nio-8443-exec-3] ERROR o.s.boot.autoconfigure.web.servlet.error.ErrorMvcAutoConfiguration$StaticView - Cannot render error page for request [/device/QueryTerm] and exception [An error happened during template parsing (template: "class path resource [templates/devicemanage/terminfo.html]")] as the response has already been committed. As a result, the response may have the wrong status code.
2019-09-05  15:19:09.355 [https-jsse-nio-8443-exec-2] ERROR o.s.boot.autoconfigure.web.servlet.error.ErrorMvcAutoConfiguration$StaticView - Cannot render error page for request [/device/QueryTerm] and exception [An error happened during template parsing (template: "class path resource [templates/devicemanage/terminfo.html]")] as the response has already been committed. As a result, the response may have the wrong status code.
2019-09-05  15:24:31.038 [https-jsse-nio-8443-exec-7] ERROR o.s.boot.autoconfigure.web.servlet.error.ErrorMvcAutoConfiguration$StaticView - Cannot render error page for request [/device/QueryTerm] and exception [An error happened during template parsing (template: "class path resource [templates/devicemanage/terminfo.html]")] as the response has already been committed. As a result, the response may have the wrong status code.
2019-09-05  16:55:57.325 [Thread-33] INFO  org.springframework.scheduling.concurrent.ThreadPoolTaskExecutor - Shutting down ExecutorService 'applicationTaskExecutor'
2019-09-05  16:56:04.361 [restartedMain] INFO  o.s.context.support.PostProcessorRegistrationDelegate$BeanPostProcessorChecker - Bean 'shiro' of type [com.jinglun.guard.shiro.Shiro$$EnhancerBySpringCGLIB$$f025da42] is not eligible for getting processed by all BeanPostProcessors (for example: not eligible for auto-proxying)
2019-09-05  16:56:04.408 [restartedMain] INFO  o.s.context.support.PostProcessorRegistrationDelegate$BeanPostProcessorChecker - Bean 'userServiceImpl' of type [com.jinglun.guard.user.service.impl.UserServiceImpl] is not eligible for getting processed by all BeanPostProcessors (for example: not eligible for auto-proxying)
2019-09-05  16:56:04.408 [restartedMain] INFO  o.s.context.support.PostProcessorRegistrationDelegate$BeanPostProcessorChecker - Bean 'Realm' of type [com.jinglun.guard.shiro.Realm] is not eligible for getting processed by all BeanPostProcessors (for example: not eligible for auto-proxying)
2019-09-05  16:56:04.424 [restartedMain] INFO  o.s.context.support.PostProcessorRegistrationDelegate$BeanPostProcessorChecker - Bean 'securityManager' of type [org.apache.shiro.web.mgt.DefaultWebSecurityManager] is not eligible for getting processed by all BeanPostProcessors (for example: not eligible for auto-proxying)
2019-09-05  16:56:04.439 [restartedMain] INFO  o.s.context.support.PostProcessorRegistrationDelegate$BeanPostProcessorChecker - Bean 'authorizationAttributeSourceAdvisor' of type [org.apache.shiro.spring.security.interceptor.AuthorizationAttributeSourceAdvisor] is not eligible for getting processed by all BeanPostProcessors (for example: not eligible for auto-proxying)
2019-09-05  16:56:05.314 [restartedMain] INFO  org.springframework.boot.web.embedded.tomcat.TomcatWebServer - Tomcat initialized with port(s): 8443 (https) 8080 (http)
2019-09-05  16:56:05.408 [restartedMain] INFO  org.springframework.web.context.ContextLoader - Root WebApplicationContext: initialization completed in 5353 ms
2019-09-05  16:56:06.641 [restartedMain] INFO  org.springframework.scheduling.concurrent.ThreadPoolTaskExecutor - Initializing ExecutorService 'applicationTaskExecutor'
2019-09-05  16:56:08.373 [restartedMain] INFO  org.springframework.boot.devtools.autoconfigure.OptionalLiveReloadServer - LiveReload server is running on port 35729
2019-09-05  16:56:09.590 [restartedMain] INFO  org.springframework.boot.web.embedded.tomcat.TomcatWebServer - Tomcat started on port(s): 8443 (https) 8080 (http) with context path ''
2019-09-05  16:56:09.590 [restartedMain] INFO  o.s.boot.devtools.autoconfigure.ConditionEvaluationDeltaLoggingListener - Condition evaluation unchanged
2019-09-05  16:56:15.332 [https-jsse-nio-8443-exec-6] INFO  org.springframework.web.servlet.DispatcherServlet - Initializing Servlet 'dispatcherServlet'
2019-09-05  16:56:15.365 [https-jsse-nio-8443-exec-6] INFO  org.springframework.web.servlet.DispatcherServlet - Completed initialization in 33 ms
2019-09-05  16:56:43.010 [Thread-40] INFO  org.springframework.scheduling.concurrent.ThreadPoolTaskExecutor - Shutting down ExecutorService 'applicationTaskExecutor'
2019-09-05  16:56:44.977 [restartedMain] INFO  o.s.context.support.PostProcessorRegistrationDelegate$BeanPostProcessorChecker - Bean 'shiro' of type [com.jinglun.guard.shiro.Shiro$$EnhancerBySpringCGLIB$$f025da42] is not eligible for getting processed by all BeanPostProcessors (for example: not eligible for auto-proxying)
2019-09-05  16:56:45.040 [restartedMain] INFO  o.s.context.support.PostProcessorRegistrationDelegate$BeanPostProcessorChecker - Bean 'userServiceImpl' of type [com.jinglun.guard.user.service.impl.UserServiceImpl] is not eligible for getting processed by all BeanPostProcessors (for example: not eligible for auto-proxying)
2019-09-05  16:56:45.040 [restartedMain] INFO  o.s.context.support.PostProcessorRegistrationDelegate$BeanPostProcessorChecker - Bean 'Realm' of type [com.jinglun.guard.shiro.Realm] is not eligible for getting processed by all BeanPostProcessors (for example: not eligible for auto-proxying)
2019-09-05  16:56:45.040 [restartedMain] INFO  o.s.context.support.PostProcessorRegistrationDelegate$BeanPostProcessorChecker - Bean 'securityManager' of type [org.apache.shiro.web.mgt.DefaultWebSecurityManager] is not eligible for getting processed by all BeanPostProcessors (for example: not eligible for auto-proxying)
2019-09-05  16:56:45.040 [restartedMain] INFO  o.s.context.support.PostProcessorRegistrationDelegate$BeanPostProcessorChecker - Bean 'authorizationAttributeSourceAdvisor' of type [org.apache.shiro.spring.security.interceptor.AuthorizationAttributeSourceAdvisor] is not eligible for getting processed by all BeanPostProcessors (for example: not eligible for auto-proxying)
2019-09-05  16:56:45.275 [restartedMain] INFO  org.springframework.boot.web.embedded.tomcat.TomcatWebServer - Tomcat initialized with port(s): 8443 (https) 8080 (http)
2019-09-05  16:56:45.306 [restartedMain] INFO  org.springframework.web.context.ContextLoader - Root WebApplicationContext: initialization completed in 1172 ms
2019-09-05  16:56:46.819 [restartedMain] INFO  org.springframework.scheduling.concurrent.ThreadPoolTaskExecutor - Initializing ExecutorService 'applicationTaskExecutor'
2019-09-05  16:56:48.152 [restartedMain] INFO  org.springframework.boot.devtools.autoconfigure.OptionalLiveReloadServer - LiveReload server is running on port 35729
2019-09-05  16:56:48.512 [restartedMain] INFO  org.springframework.boot.web.embedded.tomcat.TomcatWebServer - Tomcat started on port(s): 8443 (https) 8080 (http) with context path ''
2019-09-05  16:56:48.512 [restartedMain] INFO  o.s.boot.devtools.autoconfigure.ConditionEvaluationDeltaLoggingListener - Condition evaluation unchanged
2019-09-05  16:56:48.809 [https-jsse-nio-8443-exec-4] INFO  org.springframework.web.servlet.DispatcherServlet - Initializing Servlet 'dispatcherServlet'
2019-09-05  16:56:48.824 [https-jsse-nio-8443-exec-4] INFO  org.springframework.web.servlet.DispatcherServlet - Completed initialization in 15 ms
2019-09-05  17:00:41.032 [Thread-47] INFO  org.springframework.scheduling.concurrent.ThreadPoolTaskExecutor - Shutting down ExecutorService 'applicationTaskExecutor'
2019-09-05  17:00:46.270 [restartedMain] INFO  o.s.context.support.PostProcessorRegistrationDelegate$BeanPostProcessorChecker - Bean 'shiro' of type [com.jinglun.guard.shiro.Shiro$$EnhancerBySpringCGLIB$$f025da42] is not eligible for getting processed by all BeanPostProcessors (for example: not eligible for auto-proxying)
2019-09-05  17:00:46.285 [restartedMain] INFO  o.s.context.support.PostProcessorRegistrationDelegate$BeanPostProcessorChecker - Bean 'userServiceImpl' of type [com.jinglun.guard.user.service.impl.UserServiceImpl] is not eligible for getting processed by all BeanPostProcessors (for example: not eligible for auto-proxying)
2019-09-05  17:00:46.285 [restartedMain] INFO  o.s.context.support.PostProcessorRegistrationDelegate$BeanPostProcessorChecker - Bean 'Realm' of type [com.jinglun.guard.shiro.Realm] is not eligible for getting processed by all BeanPostProcessors (for example: not eligible for auto-proxying)
2019-09-05  17:00:46.285 [restartedMain] INFO  o.s.context.support.PostProcessorRegistrationDelegate$BeanPostProcessorChecker - Bean 'securityManager' of type [org.apache.shiro.web.mgt.DefaultWebSecurityManager] is not eligible for getting processed by all BeanPostProcessors (for example: not eligible for auto-proxying)
2019-09-05  17:00:46.394 [restartedMain] INFO  o.s.context.support.PostProcessorRegistrationDelegate$BeanPostProcessorChecker - Bean 'authorizationAttributeSourceAdvisor' of type [org.apache.shiro.spring.security.interceptor.AuthorizationAttributeSourceAdvisor] is not eligible for getting processed by all BeanPostProcessors (for example: not eligible for auto-proxying)
2019-09-05  17:00:46.708 [restartedMain] INFO  org.springframework.boot.web.embedded.tomcat.TomcatWebServer - Tomcat initialized with port(s): 8443 (https) 8080 (http)
2019-09-05  17:00:46.740 [restartedMain] INFO  org.springframework.web.context.ContextLoader - Root WebApplicationContext: initialization completed in 1645 ms
2019-09-05  17:00:48.503 [restartedMain] INFO  org.springframework.scheduling.concurrent.ThreadPoolTaskExecutor - Initializing ExecutorService 'applicationTaskExecutor'
2019-09-05  17:00:49.611 [restartedMain] INFO  org.springframework.boot.devtools.autoconfigure.OptionalLiveReloadServer - LiveReload server is running on port 35729
2019-09-05  17:00:50.267 [restartedMain] INFO  org.springframework.boot.web.embedded.tomcat.TomcatWebServer - Tomcat started on port(s): 8443 (https) 8080 (http) with context path ''
2019-09-05  17:00:50.267 [restartedMain] INFO  o.s.boot.devtools.autoconfigure.ConditionEvaluationDeltaLoggingListener - Condition evaluation unchanged
2019-09-05  17:00:54.807 [https-jsse-nio-8443-exec-10] INFO  org.springframework.web.servlet.DispatcherServlet - Initializing Servlet 'dispatcherServlet'
2019-09-05  17:00:54.839 [https-jsse-nio-8443-exec-10] INFO  org.springframework.web.servlet.DispatcherServlet - Completed initialization in 32 ms
2019-09-05  17:01:12.826 [Thread-54] INFO  org.springframework.scheduling.concurrent.ThreadPoolTaskExecutor - Shutting down ExecutorService 'applicationTaskExecutor'
2019-09-05  17:01:17.709 [restartedMain] INFO  o.s.context.support.PostProcessorRegistrationDelegate$BeanPostProcessorChecker - Bean 'shiro' of type [com.jinglun.guard.shiro.Shiro$$EnhancerBySpringCGLIB$$f025da42] is not eligible for getting processed by all BeanPostProcessors (for example: not eligible for auto-proxying)
2019-09-05  17:01:17.756 [restartedMain] INFO  o.s.context.support.PostProcessorRegistrationDelegate$BeanPostProcessorChecker - Bean 'userServiceImpl' of type [com.jinglun.guard.user.service.impl.UserServiceImpl] is not eligible for getting processed by all BeanPostProcessors (for example: not eligible for auto-proxying)
2019-09-05  17:01:17.756 [restartedMain] INFO  o.s.context.support.PostProcessorRegistrationDelegate$BeanPostProcessorChecker - Bean 'Realm' of type [com.jinglun.guard.shiro.Realm] is not eligible for getting processed by all BeanPostProcessors (for example: not eligible for auto-proxying)
2019-09-05  17:01:17.756 [restartedMain] INFO  o.s.context.support.PostProcessorRegistrationDelegate$BeanPostProcessorChecker - Bean 'securityManager' of type [org.apache.shiro.web.mgt.DefaultWebSecurityManager] is not eligible for getting processed by all BeanPostProcessors (for example: not eligible for auto-proxying)
2019-09-05  17:01:17.771 [restartedMain] INFO  o.s.context.support.PostProcessorRegistrationDelegate$BeanPostProcessorChecker - Bean 'authorizationAttributeSourceAdvisor' of type [org.apache.shiro.spring.security.interceptor.AuthorizationAttributeSourceAdvisor] is not eligible for getting processed by all BeanPostProcessors (for example: not eligible for auto-proxying)
2019-09-05  17:01:18.053 [restartedMain] INFO  org.springframework.boot.web.embedded.tomcat.TomcatWebServer - Tomcat initialized with port(s): 8443 (https) 8080 (http)
2019-09-05  17:01:18.084 [restartedMain] INFO  org.springframework.web.context.ContextLoader - Root WebApplicationContext: initialization completed in 1574 ms
2019-09-05  17:01:19.224 [restartedMain] INFO  org.springframework.scheduling.concurrent.ThreadPoolTaskExecutor - Initializing ExecutorService 'applicationTaskExecutor'
2019-09-05  17:01:20.394 [restartedMain] INFO  org.springframework.boot.devtools.autoconfigure.OptionalLiveReloadServer - LiveReload server is running on port 35729
2019-09-05  17:01:20.879 [restartedMain] INFO  org.springframework.boot.web.embedded.tomcat.TomcatWebServer - Tomcat started on port(s): 8443 (https) 8080 (http) with context path ''
2019-09-05  17:01:20.879 [restartedMain] INFO  o.s.boot.devtools.autoconfigure.ConditionEvaluationDeltaLoggingListener - Condition evaluation unchanged
2019-09-05  17:01:27.493 [https-jsse-nio-8443-exec-2] INFO  org.springframework.web.servlet.DispatcherServlet - Initializing Servlet 'dispatcherServlet'
2019-09-05  17:01:27.525 [https-jsse-nio-8443-exec-2] INFO  org.springframework.web.servlet.DispatcherServlet - Completed initialization in 32 ms
2019-09-05  17:01:51.097 [Thread-61] INFO  org.springframework.scheduling.concurrent.ThreadPoolTaskExecutor - Shutting down ExecutorService 'applicationTaskExecutor'
2019-09-05  17:01:53.375 [restartedMain] INFO  o.s.context.support.PostProcessorRegistrationDelegate$BeanPostProcessorChecker - Bean 'shiro' of type [com.jinglun.guard.shiro.Shiro$$EnhancerBySpringCGLIB$$f025da42] is not eligible for getting processed by all BeanPostProcessors (for example: not eligible for auto-proxying)
2019-09-05  17:01:53.407 [restartedMain] INFO  o.s.context.support.PostProcessorRegistrationDelegate$BeanPostProcessorChecker - Bean 'userServiceImpl' of type [com.jinglun.guard.user.service.impl.UserServiceImpl] is not eligible for getting processed by all BeanPostProcessors (for example: not eligible for auto-proxying)
2019-09-05  17:01:53.407 [restartedMain] INFO  o.s.context.support.PostProcessorRegistrationDelegate$BeanPostProcessorChecker - Bean 'Realm' of type [com.jinglun.guard.shiro.Realm] is not eligible for getting processed by all BeanPostProcessors (for example: not eligible for auto-proxying)
2019-09-05  17:01:53.407 [restartedMain] INFO  o.s.context.support.PostProcessorRegistrationDelegate$BeanPostProcessorChecker - Bean 'securityManager' of type [org.apache.shiro.web.mgt.DefaultWebSecurityManager] is not eligible for getting processed by all BeanPostProcessors (for example: not eligible for auto-proxying)
2019-09-05  17:01:53.422 [restartedMain] INFO  o.s.context.support.PostProcessorRegistrationDelegate$BeanPostProcessorChecker - Bean 'authorizationAttributeSourceAdvisor' of type [org.apache.shiro.spring.security.interceptor.AuthorizationAttributeSourceAdvisor] is not eligible for getting processed by all BeanPostProcessors (for example: not eligible for auto-proxying)
2019-09-05  17:01:53.703 [restartedMain] INFO  org.springframework.boot.web.embedded.tomcat.TomcatWebServer - Tomcat initialized with port(s): 8443 (https) 8080 (http)
2019-09-05  17:01:53.753 [restartedMain] INFO  org.springframework.web.context.ContextLoader - Root WebApplicationContext: initialization completed in 1127 ms
2019-09-05  17:01:55.485 [restartedMain] INFO  org.springframework.scheduling.concurrent.ThreadPoolTaskExecutor - Initializing ExecutorService 'applicationTaskExecutor'
2019-09-05  17:01:56.063 [restartedMain] INFO  org.springframework.boot.devtools.autoconfigure.OptionalLiveReloadServer - LiveReload server is running on port 35729
2019-09-05  17:01:56.594 [restartedMain] INFO  org.springframework.boot.web.embedded.tomcat.TomcatWebServer - Tomcat started on port(s): 8443 (https) 8080 (http) with context path ''
2019-09-05  17:01:56.594 [restartedMain] INFO  o.s.boot.devtools.autoconfigure.ConditionEvaluationDeltaLoggingListener - Condition evaluation unchanged
2019-09-05  17:01:58.435 [https-jsse-nio-8443-exec-3] INFO  org.springframework.web.servlet.DispatcherServlet - Initializing Servlet 'dispatcherServlet'
2019-09-05  17:01:58.483 [https-jsse-nio-8443-exec-3] INFO  org.springframework.web.servlet.DispatcherServlet - Completed initialization in 33 ms
2019-09-05  17:35:48.248 [https-jsse-nio-8443-exec-4] ERROR o.s.boot.autoconfigure.web.servlet.error.ErrorMvcAutoConfiguration$StaticView - Cannot render error page for request [/device/QueryTerm] and exception [An error happened during template parsing (template: "class path resource [templates/devicemanage/terminfo.html]")] as the response has already been committed. As a result, the response may have the wrong status code.
2019-09-05  17:37:06.900 [https-jsse-nio-8443-exec-5] ERROR o.s.boot.autoconfigure.web.servlet.error.ErrorMvcAutoConfiguration$StaticView - Cannot render error page for request [/device/QueryTerm] and exception [An error happened during template parsing (template: "class path resource [templates/devicemanage/terminfo.html]")] as the response has already been committed. As a result, the response may have the wrong status code.
2019-09-05  17:45:24.515 [Thread-68] INFO  org.springframework.scheduling.concurrent.ThreadPoolTaskExecutor - Shutting down ExecutorService 'applicationTaskExecutor'
2019-09-05  17:45:33.612 [restartedMain] INFO  o.s.context.support.PostProcessorRegistrationDelegate$BeanPostProcessorChecker - Bean 'shiro' of type [com.jinglun.guard.shiro.Shiro$$EnhancerBySpringCGLIB$$f025da42] is not eligible for getting processed by all BeanPostProcessors (for example: not eligible for auto-proxying)
2019-09-05  17:45:33.737 [restartedMain] INFO  o.s.context.support.PostProcessorRegistrationDelegate$BeanPostProcessorChecker - Bean 'userServiceImpl' of type [com.jinglun.guard.user.service.impl.UserServiceImpl] is not eligible for getting processed by all BeanPostProcessors (for example: not eligible for auto-proxying)
2019-09-05  17:45:33.737 [restartedMain] INFO  o.s.context.support.PostProcessorRegistrationDelegate$BeanPostProcessorChecker - Bean 'Realm' of type [com.jinglun.guard.shiro.Realm] is not eligible for getting processed by all BeanPostProcessors (for example: not eligible for auto-proxying)
2019-09-05  17:45:33.737 [restartedMain] INFO  o.s.context.support.PostProcessorRegistrationDelegate$BeanPostProcessorChecker - Bean 'securityManager' of type [org.apache.shiro.web.mgt.DefaultWebSecurityManager] is not eligible for getting processed by all BeanPostProcessors (for example: not eligible for auto-proxying)
2019-09-05  17:45:33.784 [restartedMain] INFO  o.s.context.support.PostProcessorRegistrationDelegate$BeanPostProcessorChecker - Bean 'authorizationAttributeSourceAdvisor' of type [org.apache.shiro.spring.security.interceptor.AuthorizationAttributeSourceAdvisor] is not eligible for getting processed by all BeanPostProcessors (for example: not eligible for auto-proxying)
2019-09-05  17:45:34.237 [restartedMain] INFO  org.springframework.boot.web.embedded.tomcat.TomcatWebServer - Tomcat initialized with port(s): 8443 (https) 8080 (http)
2019-09-05  17:45:34.315 [restartedMain] INFO  org.springframework.web.context.ContextLoader - Root WebApplicationContext: initialization completed in 5899 ms
2019-09-05  17:45:36.360 [restartedMain] INFO  org.springframework.scheduling.concurrent.ThreadPoolTaskExecutor - Initializing ExecutorService 'applicationTaskExecutor'
2019-09-05  17:45:39.012 [restartedMain] INFO  org.springframework.boot.devtools.autoconfigure.OptionalLiveReloadServer - LiveReload server is running on port 35729
2019-09-05  17:45:39.597 [restartedMain] INFO  org.springframework.boot.web.embedded.tomcat.TomcatWebServer - Tomcat started on port(s): 8443 (https) 8080 (http) with context path ''
2019-09-05  17:45:39.597 [restartedMain] INFO  o.s.boot.devtools.autoconfigure.ConditionEvaluationDeltaLoggingListener - Condition evaluation unchanged
2019-09-05  17:45:41.095 [https-jsse-nio-8443-exec-10] INFO  org.springframework.web.servlet.DispatcherServlet - Initializing Servlet 'dispatcherServlet'
2019-09-05  17:45:41.236 [https-jsse-nio-8443-exec-10] INFO  org.springframework.web.servlet.DispatcherServlet - Completed initialization in 141 ms
2019-09-05  17:47:39.460 [Thread-75] INFO  org.springframework.scheduling.concurrent.ThreadPoolTaskExecutor - Shutting down ExecutorService 'applicationTaskExecutor'
2019-09-05  17:47:52.159 [restartedMain] INFO  o.s.context.support.PostProcessorRegistrationDelegate$BeanPostProcessorChecker - Bean 'shiro' of type [com.jinglun.guard.shiro.Shiro$$EnhancerBySpringCGLIB$$f025da42] is not eligible for getting processed by all BeanPostProcessors (for example: not eligible for auto-proxying)
2019-09-05  17:47:52.222 [restartedMain] INFO  o.s.context.support.PostProcessorRegistrationDelegate$BeanPostProcessorChecker - Bean 'userServiceImpl' of type [com.jinglun.guard.user.service.impl.UserServiceImpl] is not eligible for getting processed by all BeanPostProcessors (for example: not eligible for auto-proxying)
2019-09-05  17:47:52.222 [restartedMain] INFO  o.s.context.support.PostProcessorRegistrationDelegate$BeanPostProcessorChecker - Bean 'Realm' of type [com.jinglun.guard.shiro.Realm] is not eligible for getting processed by all BeanPostProcessors (for example: not eligible for auto-proxying)
2019-09-05  17:47:52.222 [restartedMain] INFO  o.s.context.support.PostProcessorRegistrationDelegate$BeanPostProcessorChecker - Bean 'securityManager' of type [org.apache.shiro.web.mgt.DefaultWebSecurityManager] is not eligible for getting processed by all BeanPostProcessors (for example: not eligible for auto-proxying)
2019-09-05  17:47:52.331 [restartedMain] INFO  o.s.context.support.PostProcessorRegistrationDelegate$BeanPostProcessorChecker - Bean 'authorizationAttributeSourceAdvisor' of type [org.apache.shiro.spring.security.interceptor.AuthorizationAttributeSourceAdvisor] is not eligible for getting processed by all BeanPostProcessors (for example: not eligible for auto-proxying)
2019-09-05  17:47:52.644 [restartedMain] INFO  org.springframework.boot.web.embedded.tomcat.TomcatWebServer - Tomcat initialized with port(s): 8443 (https) 8080 (http)
2019-09-05  17:47:52.784 [restartedMain] INFO  org.springframework.web.context.ContextLoader - Root WebApplicationContext: initialization completed in 2123 ms
2019-09-05  17:47:55.687 [restartedMain] INFO  org.springframework.scheduling.concurrent.ThreadPoolTaskExecutor - Initializing ExecutorService 'applicationTaskExecutor'
2019-09-05  17:47:57.107 [restartedMain] INFO  org.springframework.boot.devtools.autoconfigure.OptionalLiveReloadServer - LiveReload server is running on port 35729
2019-09-05  17:47:57.623 [restartedMain] INFO  org.springframework.boot.web.embedded.tomcat.TomcatWebServer - Tomcat started on port(s): 8443 (https) 8080 (http) with context path ''
2019-09-05  17:47:57.623 [restartedMain] INFO  o.s.boot.devtools.autoconfigure.ConditionEvaluationDeltaLoggingListener - Condition evaluation unchanged
2019-09-05  17:48:02.755 [https-jsse-nio-8443-exec-2] INFO  org.springframework.web.servlet.DispatcherServlet - Initializing Servlet 'dispatcherServlet'
2019-09-05  17:48:02.787 [https-jsse-nio-8443-exec-2] INFO  org.springframework.web.servlet.DispatcherServlet - Completed initialization in 32 ms
