2019-07-31  14:43:56.206 [restartedMain] WARN  org.apache.catalina.core.ContainerBase.[Tomcat].[localhost].[/] - Cannot deserialize session attribute [org.apache.shiro.subject.support.DefaultSubjectContext_PRINCIPALS_SESSION_KEY] for session [8F3DF12B0F068F2AE486F53DF35860DE]
2019-07-31  14:50:31.483 [restartedMain] WARN  org.apache.catalina.core.ContainerBase.[Tomcat].[localhost].[/] - Cannot deserialize session attribute [org.apache.shiro.subject.support.DefaultSubjectContext_PRINCIPALS_SESSION_KEY] for session [8F3DF12B0F068F2AE486F53DF35860DE]
2019-07-31  14:51:11.421 [https-jsse-nio-8443-exec-1] ERROR org.apache.coyote.http11.Http11Processor - Error processing request
java.lang.NullPointerException: null
	at org.apache.catalina.core.StandardHostValve.invoke(StandardHostValve.java:143)
	at org.apache.catalina.valves.ErrorReportValve.invoke(ErrorReportValve.java:92)
	at org.apache.catalina.core.StandardEngineValve.invoke(StandardEngineValve.java:74)
	at org.apache.catalina.connector.CoyoteAdapter.service(CoyoteAdapter.java:343)
	at org.apache.coyote.http11.Http11Processor.service(Http11Processor.java:408)
	at org.apache.coyote.AbstractProcessorLight.process(AbstractProcessorLight.java:66)
	at org.apache.coyote.AbstractProtocol$ConnectionHandler.process(AbstractProtocol.java:834)
	at org.apache.tomcat.util.net.NioEndpoint$SocketProcessor.doRun(NioEndpoint.java:1415)
	at org.apache.tomcat.util.net.SocketProcessorBase.run(SocketProcessorBase.java:49)
	at java.util.concurrent.ThreadPoolExecutor.runWorker(Unknown Source)
	at java.util.concurrent.ThreadPoolExecutor$Worker.run(Unknown Source)
	at org.apache.tomcat.util.threads.TaskThread$WrappingRunnable.run(TaskThread.java:61)
	at java.lang.Thread.run(Unknown Source)
2019-07-31  14:51:11.421 [https-jsse-nio-8443-exec-1] WARN  org.apache.catalina.connector.CoyoteAdapter - Exception while attempting to add an entry to the access log
java.lang.NullPointerException: null
	at org.apache.catalina.connector.CoyoteAdapter.log(CoyoteAdapter.java:490)
	at org.apache.coyote.http11.Http11Processor.service(Http11Processor.java:438)
	at org.apache.coyote.AbstractProcessorLight.process(AbstractProcessorLight.java:66)
	at org.apache.coyote.AbstractProtocol$ConnectionHandler.process(AbstractProtocol.java:834)
	at org.apache.tomcat.util.net.NioEndpoint$SocketProcessor.doRun(NioEndpoint.java:1415)
	at org.apache.tomcat.util.net.SocketProcessorBase.run(SocketProcessorBase.java:49)
	at java.util.concurrent.ThreadPoolExecutor.runWorker(Unknown Source)
	at java.util.concurrent.ThreadPoolExecutor$Worker.run(Unknown Source)
	at org.apache.tomcat.util.threads.TaskThread$WrappingRunnable.run(TaskThread.java:61)
	at java.lang.Thread.run(Unknown Source)
2019-07-31  14:51:11.421 [https-jsse-nio-8443-exec-1] ERROR org.apache.coyote.http11.Http11Processor - Error finishing response
java.lang.NullPointerException: null
	at org.apache.coyote.http11.Http11OutputBuffer.commit(Http11OutputBuffer.java:306)
	at org.apache.coyote.http11.Http11Processor.prepareResponse(Http11Processor.java:985)
	at org.apache.coyote.AbstractProcessor.action(AbstractProcessor.java:369)
	at org.apache.coyote.http11.Http11Processor.endRequest(Http11Processor.java:1112)
	at org.apache.coyote.http11.Http11Processor.service(Http11Processor.java:448)
	at org.apache.coyote.AbstractProcessorLight.process(AbstractProcessorLight.java:66)
	at org.apache.coyote.AbstractProtocol$ConnectionHandler.process(AbstractProtocol.java:834)
	at org.apache.tomcat.util.net.NioEndpoint$SocketProcessor.doRun(NioEndpoint.java:1415)
	at org.apache.tomcat.util.net.SocketProcessorBase.run(SocketProcessorBase.java:49)
	at java.util.concurrent.ThreadPoolExecutor.runWorker(Unknown Source)
	at java.util.concurrent.ThreadPoolExecutor$Worker.run(Unknown Source)
	at org.apache.tomcat.util.threads.TaskThread$WrappingRunnable.run(TaskThread.java:61)
	at java.lang.Thread.run(Unknown Source)
2019-07-31  15:28:34.412 [restartedMain] WARN  org.apache.catalina.core.ContainerBase.[Tomcat].[localhost].[/] - Cannot deserialize session attribute [org.apache.shiro.subject.support.DefaultSubjectContext_PRINCIPALS_SESSION_KEY] for session [8F3DF12B0F068F2AE486F53DF35860DE]
